RUN	com.gatling.check.PerformanceCheck	performancecheck	1724643814932	 	3.6.1
USER	User Journey on Abercrombie Website	START	1724643824195
USER	User Journey on Abercrombie Website	START	1724643825028
USER	User Journey on Abercrombie Website	START	1724643822206
USER	User Journey on Abercrombie Website	START	1724643823542
USER	User Journey on Abercrombie Website	START	1724643826195
USER	User Journey on Abercrombie Website	START	1724643824530
USER	User Journey on Abercrombie Website	START	1724643825862
USER	User Journey on Abercrombie Website	START	1724643823860
USER	User Journey on Abercrombie Website	START	1724643822542
USER	User Journey on Abercrombie Website	START	1724643823042
USER	User Journey on Abercrombie Website	START	1724643826530
USER	User Journey on Abercrombie Website	START	1724643821570
USER	User Journey on Abercrombie Website	START	1724643825529
USER	User Journey on Abercrombie Website	START	1724643821871
USER	User Journey on Abercrombie Website	START	1724643827028
USER	User Journey on Abercrombie Website	START	1724643827529
USER	User Journey on Abercrombie Website	START	1724643827861
USER	User Journey on Abercrombie Website	START	1724643828195
USER	User Journey on Abercrombie Website	START	1724643828529
REQUEST		Homepage	1724643826196	1724643828784	OK	 
USER	User Journey on Abercrombie Website	START	1724643829027
REQUEST		Homepage	1724643826530	1724643829079	OK	 
USER	User Journey on Abercrombie Website	START	1724643829528
REQUEST		Homepage	1724643827028	1724643829765	OK	 
REQUEST		Homepage	1724643825029	1724643829775	OK	 
REQUEST		Homepage	1724643823861	1724643829849	OK	 
USER	User Journey on Abercrombie Website	START	1724643829860
REQUEST		Homepage	1724643821698	1724643829904	OK	 
REQUEST		Homepage	1724643822543	1724643830008	OK	 
REQUEST		Homepage	1724643825863	1724643830100	OK	 
USER	User Journey on Abercrombie Website	START	1724643830195
REQUEST		Homepage	1724643824530	1724643830200	OK	 
REQUEST		Homepage	1724643827861	1724643830301	OK	 
REQUEST		Homepage	1724643827530	1724643830309	OK	 
REQUEST		Homepage	1724643824195	1724643830340	OK	 
REQUEST		Homepage	1724643823043	1724643830345	OK	 
REQUEST		Homepage	1724643823543	1724643830346	OK	 
REQUEST		Homepage	1724643825530	1724643830378	OK	 
REQUEST		Homepage	1724643828195	1724643830396	OK	 
REQUEST		Homepage	1724643822207	1724643830424	OK	 
REQUEST		Homepage	1724643821872	1724643830425	OK	 
REQUEST		Homepage	1724643828529	1724643830455	OK	 
REQUEST		Homepage	1724643829529	1724643830527	OK	 
USER	User Journey on Abercrombie Website	START	1724643830530
REQUEST		Homepage	1724643829861	1724643830753	OK	 
REQUEST		Homepage	1724643830196	1724643830959	OK	 
REQUEST		Homepage	1724643829028	1724643830985	OK	 
USER	User Journey on Abercrombie Website	START	1724643831028
REQUEST		Homepage	1724643830530	1724643831134	OK	 
USER	User Journey on Abercrombie Website	START	1724643831528
REQUEST		Homepage	1724643831028	1724643831827	OK	 
USER	User Journey on Abercrombie Website	START	1724643831861
USER	User Journey on Abercrombie Website	START	1724643832195
USER	User Journey on Abercrombie Website	START	1724643832529
USER	User Journey on Abercrombie Website	START	1724643833027
USER	User Journey on Abercrombie Website	START	1724643833527
REQUEST		Homepage	1724643831861	1724643833760	OK	 
USER	User Journey on Abercrombie Website	START	1724643833861
USER	User Journey on Abercrombie Website	START	1724643834194
REQUEST		Homepage	1724643832195	1724643834315	OK	 
USER	User Journey on Abercrombie Website	START	1724643834528
USER	User Journey on Abercrombie Website	START	1724643835028
USER	User Journey on Abercrombie Website	START	1724643835527
REQUEST		PLP PAGE	1724643832158	1724643835535	OK	 
USER	User Journey on Abercrombie Website	START	1724643835861
REQUEST		PLP PAGE	1724643831980	1724643836138	OK	 
USER	User Journey on Abercrombie Website	START	1724643836194
USER	User Journey on Abercrombie Website	START	1724643836528
REQUEST		PLP PAGE	1724643831549	1724643836589	OK	 
USER	User Journey on Abercrombie Website	START	1724643837028
REQUEST		Homepage	1724643835028	1724643837203	OK	 
REQUEST		Homepage	1724643834529	1724643837211	OK	 
REQUEST		PLP PAGE	1724643831778	1724643837212	OK	 
USER	User Journey on Abercrombie Website	START	1724643837528
REQUEST		PLP PAGE	1724643830206	1724643837544	OK	 
REQUEST		Homepage	1724643832529	1724643837657	OK	 
USER	User Journey on Abercrombie Website	START	1724643837861
USER	User Journey on Abercrombie Website	START	1724643838194
REQUEST		PDP Page	1724643836596	1724643838277	OK	 
REQUEST		Homepage	1724643836195	1724643838299	OK	 
REQUEST		Homepage	1724643835861	1724643838312	OK	 
REQUEST		Homepage	1724643833027	1724643838445	OK	 
USER	User Journey on Abercrombie Website	START	1724643838529
REQUEST		PDP Page	1724643837141	1724643838659	OK	 
USER	User Journey on Abercrombie Website	START	1724643839027
REQUEST		Homepage	1724643835528	1724643839249	OK	 
REQUEST		Homepage	1724643837529	1724643839281	OK	 
REQUEST		PDP Page	1724643837650	1724643839477	OK	 
USER	User Journey on Abercrombie Website	START	1724643839527
REQUEST		Homepage	1724643837861	1724643839647	OK	 
REQUEST		Homepage	1724643834195	1724643839654	OK	 
USER	User Journey on Abercrombie Website	START	1724643839860
USER	User Journey on Abercrombie Website	START	1724643840193
REQUEST		Homepage	1724643838529	1724643840302	OK	 
USER	User Journey on Abercrombie Website	START	1724643840528
REQUEST		Add Product to Cart	1724643839312	1724643840625	OK	 
REQUEST		Homepage	1724643837029	1724643840638	OK	 
REQUEST		Homepage	1724643831528	1724643840672	OK	 
REQUEST		Homepage	1724643833528	1724643840821	OK	 
REQUEST		Add Product to Cart	1724643839663	1724643841008	OK	 
USER	User Journey on Abercrombie Website	START	1724643841027
USER	User Journey on Abercrombie Website	START	1724643841527
REQUEST		Homepage	1724643839027	1724643841569	OK	 
REQUEST		Homepage	1724643838195	1724643841589	OK	 
USER	User Journey on Abercrombie Website	START	1724643841860
USER	User Journey on Abercrombie Website	START	1724643842195
USER	User Journey on Abercrombie Website	START	1724643842528
REQUEST		Homepage	1724643840194	1724643842715	OK	 
USER	User Journey on Abercrombie Website	START	1724643843027
REQUEST		Add Product to Cart	1724643840480	1724643843373	OK	 
REQUEST		PLP PAGE	1724643830207	1724643843477	OK	 
REQUEST		Homepage	1724643841528	1724643843479	OK	 
USER	User Journey on Abercrombie Website	START	1724643843528
REQUEST		Homepage	1724643839528	1724643843612	OK	 
REQUEST		PLP PAGE	1724643832852	1724643843826	OK	 
USER	User Journey on Abercrombie Website	START	1724643843870
REQUEST		Homepage	1724643841861	1724643844107	OK	 
REQUEST		Homepage	1724643839860	1724643844138	OK	 
USER	User Journey on Abercrombie Website	START	1724643844193
REQUEST		Homepage	1724643842528	1724643844430	OK	 
USER	User Journey on Abercrombie Website	START	1724643844528
USER	User Journey on Abercrombie Website	START	1724643845028
REQUEST		PDP Page	1724643838215	1724643845239	OK	 
USER	User Journey on Abercrombie Website	START	1724643845529
REQUEST		Homepage	1724643843528	1724643845558	OK	 
REQUEST		PLP PAGE	1724643831353	1724643845601	OK	 
USER	User Journey on Abercrombie Website	START	1724643845861
REQUEST		Homepage	1724643843871	1724643846055	OK	 
REQUEST		Homepage	1724643833861	1724643846118	OK	 
USER	User Journey on Abercrombie Website	START	1724643846194
REQUEST		PLP PAGE	1724643831125	1724643846356	OK	 
REQUEST		Homepage	1724643843028	1724643846375	OK	 
REQUEST		Homepage	1724643844528	1724643846517	OK	 
USER	User Journey on Abercrombie Website	START	1724643846527
REQUEST		Homepage	1724643841027	1724643846651	OK	 
REQUEST		Homepage	1724643842195	1724643846804	OK	 
REQUEST		Homepage	1724643844194	1724643846861	OK	 
REQUEST		Homepage	1724643840528	1724643846921	OK	 
USER	User Journey on Abercrombie Website	START	1724643847027
REQUEST		Homepage	1724643845529	1724643847333	OK	 
USER	User Journey on Abercrombie Website	START	1724643847527
USER	User Journey on Abercrombie Website	START	1724643847861
REQUEST		Homepage	1724643845862	1724643848057	OK	 
REQUEST		PLP PAGE	1724643831032	1724643848153	OK	 
REQUEST		Proceed to Checkout	1724643842024	1724643848159	OK	 
USER	User Journey on Abercrombie Website	END	1724643848190
USER	User Journey on Abercrombie Website	START	1724643848194
USER	User Journey on Abercrombie Website	START	1724643848529
REQUEST		Proceed to Checkout	1724643841639	1724643848575	OK	 
USER	User Journey on Abercrombie Website	END	1724643848601
REQUEST		Homepage	1724643846528	1724643848601	OK	 
REQUEST		Homepage	1724643845029	1724643848607	OK	 
USER	User Journey on Abercrombie Website	START	1724643849028
REQUEST		PDP Page	1724643838547	1724643849182	OK	 
REQUEST		PLP PAGE	1724643840297	1724643849284	OK	 
USER	User Journey on Abercrombie Website	START	1724643849527
USER	User Journey on Abercrombie Website	START	1724643849860
REQUEST		Homepage	1724643847861	1724643850117	OK	 
REQUEST		Homepage	1724643847528	1724643850117	OK	 
REQUEST		Homepage	1724643847028	1724643850135	OK	 
REQUEST		PLP PAGE	1724643839323	1724643850191	OK	 
USER	User Journey on Abercrombie Website	START	1724643850193
USER	User Journey on Abercrombie Website	START	1724643850528
REQUEST		Homepage	1724643848530	1724643850672	OK	 
REQUEST		PLP PAGE	1724643831306	1724643850687	OK	 
REQUEST		Homepage	1724643836528	1724643850918	OK	 
USER	User Journey on Abercrombie Website	START	1724643851027
REQUEST		PLP PAGE	1724643844504	1724643851224	OK	 
USER	User Journey on Abercrombie Website	START	1724643851528
REQUEST		PLP PAGE	1724643840667	1724643851556	OK	 
REQUEST		Homepage	1724643846195	1724643851647	OK	 
USER	User Journey on Abercrombie Website	START	1724643851860
REQUEST		Homepage	1724643849528	1724643852075	OK	 
REQUEST		Homepage	1724643850194	1724643852079	OK	 
REQUEST		PLP PAGE	1724643831412	1724643852111	OK	 
USER	User Journey on Abercrombie Website	START	1724643852193
USER	User Journey on Abercrombie Website	START	1724643852528
USER	User Journey on Abercrombie Website	START	1724643853026
REQUEST		PLP PAGE	1724643831474	1724643853309	OK	 
USER	User Journey on Abercrombie Website	START	1724643853527
REQUEST		PLP PAGE	1724643831315	1724643853534	OK	 
USER	User Journey on Abercrombie Website	START	1724643853862
USER	User Journey on Abercrombie Website	START	1724643854195
REQUEST		PLP PAGE	1724643830847	1724643854239	OK	 
REQUEST		Homepage	1724643851028	1724643854383	OK	 
REQUEST		PDP Page	1724643846604	1724643854435	OK	 
USER	User Journey on Abercrombie Website	START	1724643854529
REQUEST		Homepage	1724643849861	1724643854539	OK	 
REQUEST		Homepage	1724643852528	1724643854704	OK	 
REQUEST		Homepage	1724643849028	1724643855024	OK	 
USER	User Journey on Abercrombie Website	START	1724643855028
REQUEST		PLP PAGE	1724643831443	1724643855168	OK	 
REQUEST		Proceed to Checkout	1724643844396	1724643855389	OK	 
USER	User Journey on Abercrombie Website	END	1724643855405
USER	User Journey on Abercrombie Website	START	1724643855527
REQUEST		PLP PAGE	1724643841328	1724643855608	OK	 
USER	User Journey on Abercrombie Website	START	1724643855860
REQUEST		PDP Page	1724643844871	1724643856008	OK	 
REQUEST		PDP Page	1724643844537	1724643856066	OK	 
REQUEST		PLP PAGE	1724643839335	1724643856140	OK	 
USER	User Journey on Abercrombie Website	START	1724643856195
REQUEST		Homepage	1724643853862	1724643856282	OK	 
USER	User Journey on Abercrombie Website	START	1724643856528
REQUEST		Homepage	1724643851861	1724643856916	OK	 
REQUEST		Homepage	1724643851529	1724643856965	OK	 
USER	User Journey on Abercrombie Website	START	1724643857027
REQUEST		Homepage	1724643850529	1724643857236	OK	 
USER	User Journey on Abercrombie Website	START	1724643857527
REQUEST		PDP Page	1724643850380	1724643857634	OK	 
USER	User Journey on Abercrombie Website	START	1724643857860
REQUEST		Homepage	1724643854529	1724643857993	OK	 
USER	User Journey on Abercrombie Website	START	1724643858195
REQUEST		Homepage	1724643856196	1724643858224	OK	 
REQUEST		PLP PAGE	1724643831373	1724643858511	OK	 
USER	User Journey on Abercrombie Website	START	1724643858529
REQUEST		Homepage	1724643853027	1724643858774	OK	 
REQUEST		Homepage	1724643853528	1724643858958	OK	 
USER	User Journey on Abercrombie Website	START	1724643859028
REQUEST		PLP PAGE	1724643830853	1724643859050	OK	 
REQUEST		Homepage	1724643855028	1724643859127	OK	 
USER	User Journey on Abercrombie Website	START	1724643859528
REQUEST		Homepage	1724643855528	1724643859578	OK	 
USER	User Journey on Abercrombie Website	START	1724643859860
REQUEST		PLP PAGE	1724643838207	1724643860134	OK	 
USER	User Journey on Abercrombie Website	START	1724643860194
REQUEST		PLP PAGE	1724643851136	1724643860308	OK	 
REQUEST		Homepage	1724643852194	1724643860521	OK	 
USER	User Journey on Abercrombie Website	START	1724643860528
REQUEST		Homepage	1724643857527	1724643860586	OK	 
REQUEST		PLP PAGE	1724643831221	1724643860669	OK	 
REQUEST		PDP Page	1724643852594	1724643860751	OK	 
REQUEST		PLP PAGE	1724643830938	1724643860976	OK	 
USER	User Journey on Abercrombie Website	START	1724643861027
REQUEST		Homepage	1724643854195	1724643861058	OK	 
REQUEST		PLP PAGE	1724643831367	1724643861188	OK	 
REQUEST		PDP Page	1724643849157	1724643861412	OK	 
USER	User Journey on Abercrombie Website	START	1724643861528
REQUEST		PLP PAGE	1724643838237	1724643861565	OK	 
REQUEST		PLP PAGE	1724643834782	1724643861570	OK	 
REQUEST		Homepage	1724643859529	1724643861624	OK	 
REQUEST		Homepage	1724643855860	1724643861654	OK	 
REQUEST		Homepage	1724643858195	1724643861847	OK	 
USER	User Journey on Abercrombie Website	START	1724643861860
REQUEST		Homepage	1724643857861	1724643861991	OK	 
USER	User Journey on Abercrombie Website	START	1724643862194
REQUEST		Homepage	1724643848194	1724643862305	OK	 
REQUEST		PLP PAGE	1724643843718	1724643862378	OK	 
REQUEST		Homepage	1724643860194	1724643862472	OK	 
USER	User Journey on Abercrombie Website	START	1724643862528
REQUEST		Homepage	1724643858529	1724643862794	OK	 
USER	User Journey on Abercrombie Website	START	1724643863027
REQUEST		Homepage	1724643860528	1724643863191	OK	 
USER	User Journey on Abercrombie Website	START	1724643863528
REQUEST		PDP Page	1724643852259	1724643863720	OK	 
USER	User Journey on Abercrombie Website	START	1724643863859
REQUEST		PDP Page	1724643851733	1724643864137	OK	 
USER	User Journey on Abercrombie Website	START	1724643864193
REQUEST		Homepage	1724643859860	1724643864230	OK	 
REQUEST		Homepage	1724643856528	1724643864230	OK	 
USER	User Journey on Abercrombie Website	START	1724643864528
REQUEST		Homepage	1724643862194	1724643864710	OK	 
REQUEST		Add Product to Cart	1724643846242	1724643864741	OK	 
REQUEST		PLP PAGE	1724643831444	1724643864771	OK	 
REQUEST		Homepage	1724643861528	1724643864883	OK	 
USER	User Journey on Abercrombie Website	START	1724643865028
REQUEST		Add Product to Cart	1724643857023	1724643865187	OK	 
REQUEST		PLP PAGE	1724643848351	1724643865324	OK	 
REQUEST		Homepage	1724643861027	1724643865419	OK	 
REQUEST		Add Product to Cart	1724643858656	1724643865499	OK	 
USER	User Journey on Abercrombie Website	START	1724643865528
REQUEST		PDP Page	1724643847359	1724643865595	OK	 
USER	User Journey on Abercrombie Website	START	1724643865861
REQUEST		PDP Page	1724643853149	1724643865877	OK	 
REQUEST		PLP PAGE	1724643838681	1724643865966	OK	 
REQUEST		PLP PAGE	1724643842612	1724643866065	OK	 
USER	User Journey on Abercrombie Website	START	1724643866193
REQUEST		PDP Page	1724643854312	1724643866390	OK	 
USER	User Journey on Abercrombie Website	START	1724643866527
REQUEST		Add Product to Cart	1724643850204	1724643866530	OK	 
REQUEST		Add Product to Cart	1724643857082	1724643866643	OK	 
REQUEST		Add Product to Cart	1724643855438	1724643866674	OK	 
REQUEST		Homepage	1724643863859	1724643866885	OK	 
REQUEST		Homepage	1724643862528	1724643867023	OK	 
USER	User Journey on Abercrombie Website	START	1724643867028
REQUEST		PLP PAGE	1724643841841	1724643867357	OK	 
REQUEST		PDP Page	1724643851234	1724643867394	OK	 
REQUEST		Homepage	1724643857027	1724643867499	OK	 
USER	User Journey on Abercrombie Website	START	1724643867528
REQUEST		Homepage	1724643864528	1724643867839	OK	 
USER	User Journey on Abercrombie Website	START	1724643867861
USER	User Journey on Abercrombie Website	START	1724643868195
REQUEST		Homepage	1724643865861	1724643868268	OK	 
REQUEST		Homepage	1724643861860	1724643868273	OK	 
REQUEST		Homepage	1724643865529	1724643868273	OK	 
REQUEST		Homepage	1724643863027	1724643868502	OK	 
REQUEST		PLP PAGE	1724643840269	1724643868502	OK	 
USER	User Journey on Abercrombie Website	START	1724643868529
USER	User Journey on Abercrombie Website	START	1724643869027
USER	User Journey on Abercrombie Website	START	1724643869528
REQUEST		Homepage	1724643866527	1724643869630	OK	 
REQUEST		PLP PAGE	1724643832004	1724643869632	OK	 
USER	User Journey on Abercrombie Website	START	1724643869861
REQUEST		PLP PAGE	1724643847539	1724643869935	OK	 
USER	User Journey on Abercrombie Website	START	1724643870193
REQUEST		PLP PAGE	1724643845453	1724643870379	OK	 
USER	User Journey on Abercrombie Website	START	1724643870528
REQUEST		PDP Page	1724643860053	1724643870748	OK	 
REQUEST		Homepage	1724643867528	1724643870767	OK	 
REQUEST		Homepage	1724643867028	1724643870795	OK	 
REQUEST		Add Product to Cart	1724643861774	1724643870834	OK	 
USER	User Journey on Abercrombie Website	START	1724643871028
REQUEST		PLP PAGE	1724643831384	1724643871071	OK	 
REQUEST		PDP Page	1724643857143	1724643871155	OK	 
REQUEST		Homepage	1724643863528	1724643871230	OK	 
REQUEST		PDP Page	1724643855244	1724643871476	OK	 
USER	User Journey on Abercrombie Website	START	1724643871528
REQUEST		Homepage	1724643868195	1724643871557	OK	 
USER	User Journey on Abercrombie Website	START	1724643871860
USER	User Journey on Abercrombie Website	START	1724643872194
REQUEST		PLP PAGE	1724643841663	1724643872317	OK	 
REQUEST		Homepage	1724643867861	1724643872393	OK	 
USER	User Journey on Abercrombie Website	START	1724643872529
REQUEST		Homepage	1724643865029	1724643872565	OK	 
REQUEST		Homepage	1724643870194	1724643872712	OK	 
REQUEST		PDP Page	1724643856649	1724643872995	OK	 
USER	User Journey on Abercrombie Website	START	1724643873028
REQUEST		PDP Page	1724643861136	1724643873105	OK	 
REQUEST		PLP PAGE	1724643855727	1724643873219	OK	 
REQUEST		PDP Page	1724643861352	1724643873474	OK	 
REQUEST		Homepage	1724643868529	1724643873480	OK	 
USER	User Journey on Abercrombie Website	START	1724643873528
REQUEST		PDP Page	1724643859515	1724643873588	OK	 
USER	User Journey on Abercrombie Website	START	1724643873861
USER	User Journey on Abercrombie Website	START	1724643874193
USER	User Journey on Abercrombie Website	START	1724643874528
REQUEST		Homepage	1724643869528	1724643874632	OK	 
REQUEST		PLP PAGE	1724643847886	1724643874880	OK	 
REQUEST		PDP Page	1724643861978	1724643874914	OK	 
USER	User Journey on Abercrombie Website	START	1724643875026
REQUEST		Add Product to Cart	1724643862415	1724643875199	OK	 
REQUEST		PLP PAGE	1724643846562	1724643875365	OK	 
USER	User Journey on Abercrombie Website	START	1724643875527
REQUEST		Add Product to Cart	1724643866880	1724643875812	OK	 
USER	User Journey on Abercrombie Website	START	1724643875861
USER	User Journey on Abercrombie Website	START	1724643876193
REQUEST		Homepage	1724643866194	1724643876198	OK	 
USER	User Journey on Abercrombie Website	START	1724643876528
REQUEST		Homepage	1724643871528	1724643876568	OK	 
REQUEST		Add Product to Cart	1724643865140	1724643876778	OK	 
USER	User Journey on Abercrombie Website	START	1724643877028
REQUEST		Homepage	1724643864193	1724643877077	OK	 
REQUEST		Homepage	1724643859028	1724643877098	OK	 
USER	User Journey on Abercrombie Website	START	1724643877528
REQUEST		PLP PAGE	1724643841694	1724643877557	OK	 
USER	User Journey on Abercrombie Website	START	1724643877860
REQUEST		Homepage	1724643871028	1724643877972	OK	 
USER	User Journey on Abercrombie Website	START	1724643878194
REQUEST		Homepage	1724643872195	1724643878229	OK	 
REQUEST		Add Product to Cart	1724643864738	1724643878395	OK	 
REQUEST		PDP Page	1724643856171	1724643878427	OK	 
REQUEST		PDP Page	1724643861718	1724643878484	OK	 
USER	User Journey on Abercrombie Website	START	1724643878528
REQUEST		Homepage	1724643869028	1724643878573	OK	 
REQUEST		PLP PAGE	1724643849078	1724643878748	OK	 
USER	User Journey on Abercrombie Website	START	1724643879027
REQUEST		PDP Page	1724643862573	1724643879402	OK	 
USER	User Journey on Abercrombie Website	START	1724643879527
REQUEST		PLP PAGE	1724643840678	1724643879618	OK	 
REQUEST		Homepage	1724643871861	1724643879708	OK	 
REQUEST		Homepage	1724643870528	1724643879753	OK	 
USER	User Journey on Abercrombie Website	START	1724643879860
REQUEST		PDP Page	1724643854536	1724643880014	OK	 
USER	User Journey on Abercrombie Website	START	1724643880195
REQUEST		PLP PAGE	1724643847132	1724643880363	OK	 
USER	User Journey on Abercrombie Website	START	1724643880528
REQUEST		PLP PAGE	1724643853091	1724643880750	OK	 
REQUEST		PDP Page	1724643863420	1724643880793	OK	 
USER	User Journey on Abercrombie Website	START	1724643881028
REQUEST		PDP Page	1724643866968	1724643881305	OK	 
REQUEST		PLP PAGE	1724643851675	1724643881458	OK	 
REQUEST		PLP PAGE	1724643852650	1724643882095	OK	 
REQUEST		Homepage	1724643872529	1724643882142	OK	 
REQUEST		Add Product to Cart	1724643867454	1724643882394	OK	 
REQUEST		Homepage	1724643873028	1724643882573	OK	 
REQUEST		PLP PAGE	1724643851933	1724643882573	OK	 
REQUEST		PLP PAGE	1724643842572	1724643883004	OK	 
REQUEST		Add Product to Cart	1724643866597	1724643883125	OK	 
REQUEST		Homepage	1724643876528	1724643883766	OK	 
REQUEST		Add Product to Cart	1724643868397	1724643883997	OK	 
REQUEST		Add Product to Cart	1724643872478	1724643884109	OK	 
REQUEST		PDP Page	1724643869545	1724643884600	OK	 
REQUEST		PDP Page	1724643870977	1724643884600	OK	 
REQUEST		PDP Page	1724643866366	1724643884623	OK	 
REQUEST		PDP Page	1724643867111	1724643884700	OK	 
REQUEST		PLP PAGE	1724643851155	1724643884730	OK	 
REQUEST		Homepage	1724643879860	1724643884928	OK	 
REQUEST		Add Product to Cart	1724643871750	1724643884988	OK	 
REQUEST		PLP PAGE	1724643845164	1724643885171	OK	 
REQUEST		Homepage	1724643869861	1724643885414	OK	 
REQUEST		Homepage	1724643876194	1724643885432	OK	 
REQUEST		Homepage	1724643880195	1724643885560	OK	 
REQUEST		Proceed to Checkout	1724643866519	1724643885605	OK	 
USER	User Journey on Abercrombie Website	END	1724643885618
REQUEST		Add Product to Cart	1724643874121	1724643885675	OK	 
REQUEST		Homepage	1724643879027	1724643885786	OK	 
REQUEST		Add Product to Cart	1724643875924	1724643885807	OK	 
REQUEST		Add Product to Cart	1724643873997	1724643885993	OK	 
REQUEST		PDP Page	1724643862221	1724643886038	OK	 
REQUEST		PDP Page	1724643868396	1724643886120	OK	 
REQUEST		Homepage	1724643874529	1724643886199	OK	 
REQUEST		PLP PAGE	1724643847395	1724643886343	OK	 
REQUEST		PLP PAGE	1724643859226	1724643886406	OK	 
REQUEST		Homepage	1724643878194	1724643886697	OK	 
REQUEST		PDP Page	1724643865773	1724643886726	OK	 
REQUEST		Homepage	1724643875027	1724643886787	OK	 
REQUEST		PDP Page	1724643862603	1724643886972	OK	 
REQUEST		PLP PAGE	1724643835343	1724643887120	OK	 
REQUEST		Homepage	1724643873529	1724643887183	OK	 
REQUEST		Homepage	1724643873861	1724643887334	OK	 
REQUEST		Homepage	1724643877528	1724643887576	OK	 
REQUEST		Add Product to Cart	1724643874477	1724643887761	OK	 
REQUEST		Proceed to Checkout	1724643871838	1724643888018	OK	 
USER	User Journey on Abercrombie Website	END	1724643888025
REQUEST		Add Product to Cart	1724643872158	1724643888147	OK	 
REQUEST		Homepage	1724643877861	1724643888528	OK	 
REQUEST		PDP Page	1724643875904	1724643888871	OK	 
REQUEST		PDP Page	1724643874237	1724643888931	OK	 
REQUEST		Homepage	1724643875528	1724643889118	OK	 
REQUEST		Homepage	1724643877028	1724643889325	OK	 
REQUEST		Proceed to Checkout	1724643867689	1724643889414	OK	 
USER	User Journey on Abercrombie Website	END	1724643889428
REQUEST		Add Product to Cart	1724643880410	1724643889438	OK	 
REQUEST		PLP PAGE	1724643839464	1724643889558	OK	 
REQUEST		PLP PAGE	1724643849620	1724643889672	OK	 
REQUEST		Homepage	1724643880529	1724643889762	OK	 
REQUEST		Homepage	1724643875861	1724643890175	OK	 
REQUEST		PDP Page	1724643878578	1724643890213	OK	 
REQUEST		PDP Page	1724643871399	1724643890414	OK	 
REQUEST		Homepage	1724643874193	1724643890436	OK	 
REQUEST		PLP PAGE	1724643830854	1724643890855	KO	i.g.h.c.i.RequestTimeoutException: Request timeout to www.abercrombie.com/151.101.193.91:443 after 60000 ms
REQUEST		PLP PAGE	1724643860140	1724643890873	OK	 
REQUEST		PLP PAGE	1724643855405	1724643891245	OK	 
REQUEST		PLP PAGE	1724643859011	1724643891271	OK	 
REQUEST		Proceed to Checkout	1724643866206	1724643891294	OK	 
USER	User Journey on Abercrombie Website	END	1724643891301
REQUEST		PDP Page	1724643873319	1724643891367	OK	 
REQUEST		PLP PAGE	1724643861524	1724643891715	OK	 
REQUEST		PLP PAGE	1724643856046	1724643891789	OK	 
REQUEST		PLP PAGE	1724643862641	1724643892210	OK	 
REQUEST		Homepage	1724643878528	1724643892573	OK	 
REQUEST		Homepage	1724643879527	1724643892602	OK	 
REQUEST		Add Product to Cart	1724643881807	1724643892669	OK	 
REQUEST		PDP Page	1724643870674	1724643892765	OK	 
REQUEST		PDP Page	1724643883112	1724643893301	OK	 
REQUEST		Add Product to Cart	1724643882315	1724643893367	OK	 
REQUEST		PLP PAGE	1724643845133	1724643893564	OK	 
REQUEST		Add Product to Cart	1724643885602	1724643893673	OK	 
REQUEST		Proceed to Checkout	1724643876822	1724643894128	OK	 
USER	User Journey on Abercrombie Website	END	1724643894137
REQUEST		PDP Page	1724643881366	1724643894517	OK	 
REQUEST		Homepage	1724643881028	1724643894875	OK	 
REQUEST		Add Product to Cart	1724643879496	1724643895545	OK	 
REQUEST		Proceed to Checkout	1724643876206	1724643895921	OK	 
USER	User Journey on Abercrombie Website	END	1724643895929
REQUEST		Add Product to Cart	1724643885707	1724643896113	OK	 
REQUEST		PDP Page	1724643881752	1724643896150	OK	 
REQUEST		Proceed to Checkout	1724643877783	1724643896164	OK	 
USER	User Journey on Abercrombie Website	END	1724643896175
REQUEST		PLP PAGE	1724643867900	1724643896246	OK	 
REQUEST		Add Product to Cart	1724643885608	1724643896389	OK	 
REQUEST		Add Product to Cart	1724643879428	1724643896405	OK	 
REQUEST		PLP PAGE	1724643844616	1724643896525	OK	 
REQUEST		PDP Page	1724643883576	1724643896525	OK	 
REQUEST		PLP PAGE	1724643865255	1724643896560	OK	 
REQUEST		Add Product to Cart	1724643874590	1724643896691	OK	 
REQUEST		PLP PAGE	1724643847946	1724643896776	OK	 
REQUEST		Add Product to Cart	1724643887041	1724643897264	OK	 
REQUEST		PDP Page	1724643880621	1724643897652	OK	 
REQUEST		PDP Page	1724643879764	1724643898010	OK	 
REQUEST		Add Product to Cart	1724643881015	1724643898164	OK	 
REQUEST		Proceed to Checkout	1724643879403	1724643898376	OK	 
USER	User Journey on Abercrombie Website	END	1724643898386
REQUEST		PLP PAGE	1724643851136	1724643898431	OK	 
REQUEST		PLP PAGE	1724643869283	1724643898441	OK	 
REQUEST		Add Product to Cart	1724643889933	1724643898879	OK	 
REQUEST		PDP Page	1724643872092	1724643899258	OK	 
REQUEST		PLP PAGE	1724643863011	1724643899258	OK	 
REQUEST		Add Product to Cart	1724643891215	1724643899360	OK	 
REQUEST		PLP PAGE	1724643857296	1724643899553	OK	 
REQUEST		PLP PAGE	1724643862673	1724643899561	OK	 
REQUEST		Add Product to Cart	1724643887728	1724643899568	OK	 
REQUEST		PLP PAGE	1724643855553	1724643899577	OK	 
REQUEST		Proceed to Checkout	1724643867656	1724643900184	OK	 
USER	User Journey on Abercrombie Website	END	1724643900191
REQUEST		Add Product to Cart	1724643885630	1724643900864	OK	 
REQUEST		Add Product to Cart	1724643889880	1724643901326	OK	 
REQUEST		Add Product to Cart	1724643894311	1724643901579	OK	 
REQUEST		PDP Page	1724643882479	1724643901597	OK	 
REQUEST		Proceed to Checkout	1724643865756	1724643901901	OK	 
USER	User Journey on Abercrombie Website	END	1724643901915
REQUEST		PDP Page	1724643876379	1724643902153	OK	 
REQUEST		PLP PAGE	1724643853093	1724643902220	OK	 
REQUEST		PLP PAGE	1724643868511	1724643902269	OK	 
REQUEST		PLP PAGE	1724643857934	1724643902323	OK	 
REQUEST		PDP Page	1724643887395	1724643902348	OK	 
REQUEST		PLP PAGE	1724643847080	1724643902511	OK	 
REQUEST		PDP Page	1724643892790	1724643902573	OK	 
REQUEST		PLP PAGE	1724643868842	1724643902766	OK	 
REQUEST		PLP PAGE	1724643866443	1724643902829	OK	 
REQUEST		PDP Page	1724643884027	1724643902838	OK	 
REQUEST		Proceed to Checkout	1724643886684	1724643902849	OK	 
USER	User Journey on Abercrombie Website	END	1724643902864
REQUEST		Proceed to Checkout	1724643867545	1724643902974	OK	 
USER	User Journey on Abercrombie Website	END	1724643902991
REQUEST		PDP Page	1724643892716	1724643903013	OK	 
REQUEST		PLP PAGE	1724643862870	1724643903167	OK	 
REQUEST		Add Product to Cart	1724643892374	1724643903996	OK	 
REQUEST		Proceed to Checkout	1724643885997	1724643904019	OK	 
USER	User Journey on Abercrombie Website	END	1724643904033
REQUEST		Proceed to Checkout	1724643885010	1724643904155	OK	 
USER	User Journey on Abercrombie Website	END	1724643904169
REQUEST		Proceed to Checkout	1724643884136	1724643904490	OK	 
USER	User Journey on Abercrombie Website	END	1724643904504
REQUEST		Add Product to Cart	1724643887122	1724643904732	OK	 
REQUEST		PLP PAGE	1724643873719	1724643904877	OK	 
REQUEST		PLP PAGE	1724643865904	1724643904912	OK	 
REQUEST		PLP PAGE	1724643873399	1724643904948	OK	 
REQUEST		PLP PAGE	1724643857987	1724643905393	OK	 
REQUEST		Add Product to Cart	1724643897526	1724643905464	OK	 
REQUEST		PLP PAGE	1724643871802	1724643905626	OK	 
REQUEST		PLP PAGE	1724643865724	1724643905649	OK	 
REQUEST		PLP PAGE	1724643847678	1724643905768	OK	 
REQUEST		PLP PAGE	1724643858251	1724643905844	OK	 
REQUEST		PLP PAGE	1724643859961	1724643905889	OK	 
REQUEST		PLP PAGE	1724643859789	1724643905921	OK	 
REQUEST		Proceed to Checkout	1724643886813	1724643905932	OK	 
USER	User Journey on Abercrombie Website	END	1724643905950
REQUEST		PDP Page	1724643891860	1724643906043	OK	 
REQUEST		Add Product to Cart	1724643887981	1724643906092	OK	 
REQUEST		Proceed to Checkout	1724643885120	1724643906629	OK	 
USER	User Journey on Abercrombie Website	END	1724643906653
REQUEST		PLP PAGE	1724643869505	1724643906685	OK	 
REQUEST		PDP Page	1724643892291	1724643906691	OK	 
REQUEST		PDP Page	1724643891893	1724643906922	OK	 
REQUEST		Proceed to Checkout	1724643889157	1724643906958	OK	 
USER	User Journey on Abercrombie Website	END	1724643906977
REQUEST		PDP Page	1724643892247	1724643907086	OK	 
REQUEST		Proceed to Checkout	1724643883402	1724643907369	OK	 
USER	User Journey on Abercrombie Website	END	1724643907390
REQUEST		PDP Page	1724643885732	1724643907635	OK	 
REQUEST		Proceed to Checkout	1724643886998	1724643907663	OK	 
USER	User Journey on Abercrombie Website	END	1724643907686
REQUEST		PLP PAGE	1724643868036	1724643907790	OK	 
REQUEST		PLP PAGE	1724643847809	1724643907809	KO	i.g.h.c.i.RequestTimeoutException: Request timeout to www.abercrombie.com/151.101.193.91:443 after 60000 ms
REQUEST		Add Product to Cart	1724643891416	1724643907866	OK	 
REQUEST		Add Product to Cart	1724643904029	1724643908082	OK	 
REQUEST		PDP Page	1724643887428	1724643908306	OK	 
REQUEST		PDP Page	1724643890687	1724643908406	OK	 
REQUEST		PDP Page	1724643886195	1724643908411	OK	 
REQUEST		Add Product to Cart	1724643898654	1724643908968	OK	 
REQUEST		Proceed to Checkout	1724643890446	1724643909540	OK	 
USER	User Journey on Abercrombie Website	END	1724643909557
REQUEST		PLP PAGE	1724643849631	1724643909632	KO	i.g.h.c.i.RequestTimeoutException: Request timeout to www.abercrombie.com/151.101.129.91:443 after 60000 ms
REQUEST		Add Product to Cart	1724643897153	1724643909824	OK	 
REQUEST		PDP Page	1724643897268	1724643909884	OK	 
REQUEST		Proceed to Checkout	1724643888769	1724643910228	OK	 
USER	User Journey on Abercrombie Website	END	1724643910241
REQUEST		PLP PAGE	1724643869289	1724643910477	OK	 
REQUEST		PDP Page	1724643893233	1724643911071	OK	 
REQUEST		Add Product to Cart	1724643900260	1724643911124	OK	 
REQUEST		PDP Page	1724643899481	1724643911216	OK	 
REQUEST		PLP PAGE	1724643872565	1724643911218	OK	 
