RUN	com.gatling.check.PerformanceCheck	performancecheck	1724649795683	 	3.6.1
USER	User Journey on Abercrombie Website	START	1724649799871
USER	User Journey on Abercrombie Website	START	1724649798902
USER	User Journey on Abercrombie Website	START	1724649799536
USER	User Journey on Abercrombie Website	START	1724649799203
USER	User Journey on Abercrombie Website	START	1724649800372
REQUEST		Homepage	1724649799203	1724649800806	OK	 
USER	User Journey on Abercrombie Website	START	1724649800873
REQUEST		Homepage	1724649799537	1724649801138	OK	 
REQUEST		Homepage	1724649799871	1724649801187	OK	 
REQUEST		Homepage	1724649798926	1724649801196	OK	 
USER	User Journey on Abercrombie Website	START	1724649801198
REQUEST		Homepage	1724649800373	1724649801356	OK	 
REQUEST		Homepage	1724649800873	1724649801412	OK	 
USER	User Journey on Abercrombie Website	START	1724649801532
USER	User Journey on Abercrombie Website	START	1724649801865
REQUEST		Homepage	1724649801198	1724649801953	OK	 
REQUEST		Homepage	1724649801532	1724649802350	OK	 
USER	User Journey on Abercrombie Website	START	1724649802365
REQUEST		Homepage	1724649801866	1724649802457	OK	 
USER	User Journey on Abercrombie Website	START	1724649802885
USER	User Journey on Abercrombie Website	START	1724649803200
REQUEST		Homepage	1724649802885	1724649803400	OK	 
USER	User Journey on Abercrombie Website	START	1724649803533
REQUEST		Homepage	1724649802366	1724649803794	OK	 
USER	User Journey on Abercrombie Website	START	1724649803867
REQUEST		Homepage	1724649803200	1724649804010	OK	 
REQUEST		Homepage	1724649803533	1724649804305	OK	 
USER	User Journey on Abercrombie Website	START	1724649804365
USER	User Journey on Abercrombie Website	START	1724649804865
REQUEST		PLP PAGE	1724649801965	1724649805079	OK	 
REQUEST		PLP PAGE	1724649802206	1724649805086	OK	 
USER	User Journey on Abercrombie Website	START	1724649805199
USER	User Journey on Abercrombie Website	START	1724649805532
USER	User Journey on Abercrombie Website	START	1724649805865
REQUEST		PLP PAGE	1724649803467	1724649806046	OK	 
REQUEST		PLP PAGE	1724649802159	1724649806051	OK	 
USER	User Journey on Abercrombie Website	START	1724649806365
USER	User Journey on Abercrombie Website	START	1724649806865
USER	User Journey on Abercrombie Website	START	1724649807198
USER	User Journey on Abercrombie Website	START	1724649807532
REQUEST		PLP PAGE	1724649804803	1724649807628	OK	 
REQUEST		PLP PAGE	1724649802430	1724649807682	OK	 
REQUEST		PDP Page	1724649806101	1724649807841	OK	 
REQUEST		Homepage	1724649805532	1724649807840	OK	 
USER	User Journey on Abercrombie Website	START	1724649807865
REQUEST		PDP Page	1724649807063	1724649808164	OK	 
REQUEST		PDP Page	1724649806094	1724649808189	OK	 
REQUEST		Homepage	1724649805866	1724649808196	OK	 
USER	User Journey on Abercrombie Website	START	1724649808365
REQUEST		Homepage	1724649804365	1724649808448	OK	 
REQUEST		PDP Page	1724649807054	1724649808497	OK	 
REQUEST		Homepage	1724649807199	1724649808613	OK	 
REQUEST		Homepage	1724649803867	1724649808699	OK	 
REQUEST		PLP PAGE	1724649804409	1724649808759	OK	 
REQUEST		PLP PAGE	1724649802368	1724649808799	OK	 
USER	User Journey on Abercrombie Website	START	1724649808865
REQUEST		PLP PAGE	1724649802210	1724649808883	OK	 
REQUEST		Homepage	1724649805199	1724649808885	OK	 
REQUEST		Homepage	1724649807865	1724649808972	OK	 
REQUEST		Homepage	1724649806366	1724649809130	OK	 
REQUEST		Homepage	1724649804865	1724649809168	OK	 
USER	User Journey on Abercrombie Website	START	1724649809199
USER	User Journey on Abercrombie Website	START	1724649809531
REQUEST		Homepage	1724649806865	1724649809615	OK	 
REQUEST		Homepage	1724649808365	1724649809620	OK	 
REQUEST		PLP PAGE	1724649805018	1724649809643	OK	 
REQUEST		PLP PAGE	1724649805311	1724649809759	OK	 
USER	User Journey on Abercrombie Website	START	1724649809865
REQUEST		Homepage	1724649807532	1724649809889	OK	 
REQUEST		Homepage	1724649808865	1724649810051	OK	 
REQUEST		Add Product to Cart	1724649809165	1724649810076	OK	 
USER	User Journey on Abercrombie Website	START	1724649810364
REQUEST		Add Product to Cart	1724649808850	1724649810455	OK	 
REQUEST		PDP Page	1724649808630	1724649810520	OK	 
REQUEST		Add Product to Cart	1724649809195	1724649810589	OK	 
REQUEST		Add Product to Cart	1724649809499	1724649810611	OK	 
REQUEST		PLP PAGE	1724649803362	1724649810645	OK	 
USER	User Journey on Abercrombie Website	START	1724649810865
USER	User Journey on Abercrombie Website	START	1724649811199
USER	User Journey on Abercrombie Website	START	1724649811532
USER	User Journey on Abercrombie Website	START	1724649811865
REQUEST		PDP Page	1724649809771	1724649811879	OK	 
USER	User Journey on Abercrombie Website	START	1724649812365
REQUEST		Homepage	1724649809865	1724649812541	OK	 
REQUEST		Homepage	1724649809532	1724649812761	OK	 
REQUEST		PLP PAGE	1724649809978	1724649812814	OK	 
USER	User Journey on Abercrombie Website	START	1724649812865
REQUEST		Homepage	1724649810865	1724649812953	OK	 
REQUEST		PLP PAGE	1724649809620	1724649813071	OK	 
REQUEST		Homepage	1724649809199	1724649813161	OK	 
USER	User Journey on Abercrombie Website	START	1724649813199
REQUEST		Homepage	1724649810364	1724649813361	OK	 
REQUEST		PDP Page	1724649808685	1724649813407	OK	 
USER	User Journey on Abercrombie Website	START	1724649813531
USER	User Journey on Abercrombie Website	START	1724649813866
REQUEST		PLP PAGE	1724649802962	1724649814000	OK	 
REQUEST		Homepage	1724649812365	1724649814151	OK	 
REQUEST		Homepage	1724649811532	1724649814156	OK	 
USER	User Journey on Abercrombie Website	START	1724649814365
REQUEST		Proceed to Checkout	1724649811081	1724649814448	OK	 
USER	User Journey on Abercrombie Website	END	1724649814456
REQUEST		Homepage	1724649811199	1724649814550	OK	 
REQUEST		PLP PAGE	1724649810625	1724649814667	OK	 
USER	User Journey on Abercrombie Website	START	1724649814865
REQUEST		Add Product to Cart	1724649811523	1724649814888	OK	 
REQUEST		PDP Page	1724649810760	1724649815036	OK	 
REQUEST		Add Product to Cart	1724649812884	1724649815113	OK	 
USER	User Journey on Abercrombie Website	START	1724649815197
REQUEST		Homepage	1724649813199	1724649815246	OK	 
REQUEST		Proceed to Checkout	1724649811615	1724649815332	OK	 
USER	User Journey on Abercrombie Website	END	1724649815337
REQUEST		Homepage	1724649813531	1724649815468	OK	 
USER	User Journey on Abercrombie Website	START	1724649815531
REQUEST		Homepage	1724649812866	1724649815737	OK	 
USER	User Journey on Abercrombie Website	START	1724649815865
REQUEST		Homepage	1724649814365	1724649816173	OK	 
USER	User Journey on Abercrombie Website	START	1724649816364
REQUEST		Homepage	1724649813867	1724649816443	OK	 
REQUEST		PDP Page	1724649813828	1724649816461	OK	 
REQUEST		PDP Page	1724649809886	1724649816635	OK	 
USER	User Journey on Abercrombie Website	START	1724649816865
REQUEST		Homepage	1724649815197	1724649817184	OK	 
USER	User Journey on Abercrombie Website	START	1724649817197
REQUEST		Homepage	1724649814865	1724649817491	OK	 
USER	User Journey on Abercrombie Website	START	1724649817531
REQUEST		Homepage	1724649811865	1724649817847	OK	 
USER	User Journey on Abercrombie Website	START	1724649817865
USER	User Journey on Abercrombie Website	START	1724649818364
REQUEST		PDP Page	1724649814083	1724649818392	OK	 
REQUEST		Proceed to Checkout	1724649811593	1724649818717	OK	 
USER	User Journey on Abercrombie Website	END	1724649818724
REQUEST		Homepage	1724649815865	1724649818766	OK	 
USER	User Journey on Abercrombie Website	START	1724649818864
REQUEST		PDP Page	1724649810644	1724649818934	OK	 
USER	User Journey on Abercrombie Website	START	1724649819198
REQUEST		Homepage	1724649816865	1724649819263	OK	 
REQUEST		PDP Page	1724649815677	1724649819269	OK	 
USER	User Journey on Abercrombie Website	START	1724649819530
USER	User Journey on Abercrombie Website	START	1724649819865
REQUEST		Proceed to Checkout	1724649811460	1724649819952	OK	 
USER	User Journey on Abercrombie Website	END	1724649819956
USER	User Journey on Abercrombie Website	START	1724649820364
REQUEST		PLP PAGE	1724649810892	1724649820410	OK	 
REQUEST		Homepage	1724649818365	1724649820765	OK	 
REQUEST		PDP Page	1724649809810	1724649820813	OK	 
REQUEST		Homepage	1724649817865	1724649820844	OK	 
USER	User Journey on Abercrombie Website	START	1724649820864
REQUEST		Homepage	1724649816364	1724649821024	OK	 
USER	User Journey on Abercrombie Website	START	1724649821198
REQUEST		PLP PAGE	1724649813959	1724649821418	OK	 
REQUEST		PLP PAGE	1724649811056	1724649821425	OK	 
USER	User Journey on Abercrombie Website	START	1724649821532
REQUEST		Add Product to Cart	1724649814412	1724649821573	OK	 
REQUEST		Homepage	1724649817531	1724649821861	OK	 
USER	User Journey on Abercrombie Website	START	1724649821866
REQUEST		PLP PAGE	1724649808847	1724649821949	OK	 
REQUEST		PLP PAGE	1724649818190	1724649822286	OK	 
REQUEST		Homepage	1724649815531	1724649822353	OK	 
USER	User Journey on Abercrombie Website	START	1724649822365
REQUEST		Homepage	1724649818865	1724649822510	OK	 
REQUEST		Homepage	1724649819531	1724649822521	OK	 
REQUEST		Homepage	1724649820364	1724649822616	OK	 
REQUEST		Homepage	1724649820865	1724649822769	OK	 
USER	User Journey on Abercrombie Website	START	1724649822865
REQUEST		Homepage	1724649819865	1724649823023	OK	 
USER	User Journey on Abercrombie Website	START	1724649823198
REQUEST		Homepage	1724649821198	1724649823459	OK	 
USER	User Journey on Abercrombie Website	START	1724649823531
REQUEST		PLP PAGE	1724649816474	1724649823653	OK	 
REQUEST		Homepage	1724649821866	1724649823702	OK	 
USER	User Journey on Abercrombie Website	START	1724649823865
REQUEST		Homepage	1724649821532	1724649823880	OK	 
REQUEST		PDP Page	1724649811656	1724649823902	OK	 
REQUEST		Add Product to Cart	1724649816040	1724649823940	OK	 
REQUEST		PLP PAGE	1724649817175	1724649824223	OK	 
USER	User Journey on Abercrombie Website	START	1724649824365
REQUEST		Add Product to Cart	1724649817645	1724649824419	OK	 
REQUEST		Add Product to Cart	1724649819399	1724649824438	OK	 
REQUEST		Homepage	1724649817198	1724649824464	OK	 
REQUEST		PLP PAGE	1724649815153	1724649824564	OK	 
REQUEST		Homepage	1724649822365	1724649824574	OK	 
REQUEST		Homepage	1724649822865	1724649824685	OK	 
USER	User Journey on Abercrombie Website	START	1724649824866
REQUEST		Homepage	1724649819198	1724649825135	OK	 
REQUEST		Add Product to Cart	1724649817467	1724649825163	OK	 
USER	User Journey on Abercrombie Website	START	1724649825199
USER	User Journey on Abercrombie Website	START	1724649825531
USER	User Journey on Abercrombie Website	START	1724649825866
USER	User Journey on Abercrombie Website	START	1724649826366
REQUEST		Homepage	1724649823531	1724649826377	OK	 
REQUEST		Homepage	1724649823865	1724649826595	OK	 
USER	User Journey on Abercrombie Website	START	1724649826865
USER	User Journey on Abercrombie Website	START	1724649827198
USER	User Journey on Abercrombie Website	START	1724649827531
USER	User Journey on Abercrombie Website	START	1724649827865
REQUEST		Add Product to Cart	1724649821815	1724649827883	OK	 
REQUEST		Homepage	1724649824365	1724649827936	OK	 
REQUEST		Homepage	1724649825199	1724649827938	OK	 
REQUEST		PLP PAGE	1724649809890	1724649828102	OK	 
USER	User Journey on Abercrombie Website	START	1724649828365
REQUEST		Homepage	1724649824866	1724649828420	OK	 
REQUEST		Homepage	1724649826366	1724649828456	OK	 
REQUEST		Add Product to Cart	1724649819942	1724649828729	OK	 
REQUEST		Homepage	1724649826866	1724649829038	OK	 
REQUEST		Homepage	1724649825866	1724649829051	OK	 
REQUEST		Proceed to Checkout	1724649816120	1724649829065	OK	 
USER	User Journey on Abercrombie Website	END	1724649829072
REQUEST		Homepage	1724649825531	1724649829094	OK	 
USER	User Journey on Abercrombie Website	START	1724649828865
USER	User Journey on Abercrombie Website	START	1724649829198
REQUEST		Homepage	1724649827531	1724649829311	OK	 
REQUEST		Add Product to Cart	1724649820271	1724649829487	OK	 
USER	User Journey on Abercrombie Website	START	1724649829532
REQUEST		Homepage	1724649823198	1724649829533	OK	 
USER	User Journey on Abercrombie Website	START	1724649829865
REQUEST		PDP Page	1724649815002	1724649829933	OK	 
REQUEST		Homepage	1724649828366	1724649830338	OK	 
USER	User Journey on Abercrombie Website	START	1724649830365
USER	User Journey on Abercrombie Website	START	1724649830865
USER	User Journey on Abercrombie Website	START	1724649831197
REQUEST		PLP PAGE	1724649813548	1724649831243	OK	 
USER	User Journey on Abercrombie Website	START	1724649831531
USER	User Journey on Abercrombie Website	START	1724649831865
REQUEST		Proceed to Checkout	1724649822577	1724649832355	OK	 
USER	User Journey on Abercrombie Website	END	1724649832360
USER	User Journey on Abercrombie Website	START	1724649832365
REQUEST		Homepage	1724649829532	1724649832448	OK	 
REQUEST		PLP PAGE	1724649810621	1724649832525	OK	 
REQUEST		PDP Page	1724649821421	1724649832791	OK	 
USER	User Journey on Abercrombie Website	START	1724649832864
REQUEST		PLP PAGE	1724649809457	1724649833147	OK	 
REQUEST		Proceed to Checkout	1724649815893	1724649833165	OK	 
USER	User Journey on Abercrombie Website	END	1724649833170
USER	User Journey on Abercrombie Website	START	1724649833198
REQUEST		Homepage	1724649829198	1724649833261	OK	 
USER	User Journey on Abercrombie Website	START	1724649833530
REQUEST		Homepage	1724649830865	1724649833725	OK	 
REQUEST		PDP Page	1724649822429	1724649833748	OK	 
USER	User Journey on Abercrombie Website	START	1724649833865
REQUEST		PLP PAGE	1724649818498	1724649834227	OK	 
REQUEST		PLP PAGE	1724649825690	1724649834232	OK	 
REQUEST		Homepage	1724649827865	1724649834258	OK	 
REQUEST		Homepage	1724649831865	1724649834258	OK	 
REQUEST		Homepage	1724649831197	1724649834266	OK	 
REQUEST		Add Product to Cart	1724649824907	1724649834298	OK	 
REQUEST		PDP Page	1724649822951	1724649834334	OK	 
USER	User Journey on Abercrombie Website	START	1724649834365
REQUEST		PLP PAGE	1724649820268	1724649834415	OK	 
REQUEST		Homepage	1724649827198	1724649834488	OK	 
REQUEST		PLP PAGE	1724649814367	1724649834509	OK	 
REQUEST		PDP Page	1724649822435	1724649834833	OK	 
USER	User Journey on Abercrombie Website	START	1724649834866
REQUEST		Homepage	1724649832864	1724649835141	OK	 
USER	User Journey on Abercrombie Website	START	1724649835199
REQUEST		Homepage	1724649829865	1724649835437	OK	 
USER	User Journey on Abercrombie Website	START	1724649835532
REQUEST		Homepage	1724649828866	1724649835576	OK	 
REQUEST		Homepage	1724649830365	1724649835645	OK	 
USER	User Journey on Abercrombie Website	START	1724649835866
REQUEST		Homepage	1724649832365	1724649836038	OK	 
USER	User Journey on Abercrombie Website	START	1724649836366
REQUEST		PLP PAGE	1724649809705	1724649836532	OK	 
REQUEST		Homepage	1724649833198	1724649836666	OK	 
USER	User Journey on Abercrombie Website	START	1724649836865
REQUEST		PDP Page	1724649824661	1724649837019	OK	 
USER	User Journey on Abercrombie Website	START	1724649837198
REQUEST		Homepage	1724649834365	1724649837268	OK	 
USER	User Journey on Abercrombie Website	START	1724649837531
REQUEST		Homepage	1724649835199	1724649837588	OK	 
REQUEST		PLP PAGE	1724649809203	1724649837602	OK	 
USER	User Journey on Abercrombie Website	START	1724649837864
REQUEST		PLP PAGE	1724649810173	1724649838145	OK	 
USER	User Journey on Abercrombie Website	START	1724649838365
REQUEST		Proceed to Checkout	1724649825425	1724649838531	OK	 
USER	User Journey on Abercrombie Website	END	1724649838538
REQUEST		PDP Page	1724649829104	1724649838632	OK	 
REQUEST		Homepage	1724649835866	1724649838703	OK	 
REQUEST		PDP Page	1724649825235	1724649838842	OK	 
USER	User Journey on Abercrombie Website	START	1724649838865
REQUEST		Homepage	1724649836865	1724649839193	OK	 
USER	User Journey on Abercrombie Website	START	1724649839198
REQUEST		PLP PAGE	1724649817449	1724649839265	OK	 
REQUEST		PLP PAGE	1724649816253	1724649839286	OK	 
REQUEST		Homepage	1724649831531	1724649839380	OK	 
USER	User Journey on Abercrombie Website	START	1724649839532
USER	User Journey on Abercrombie Website	START	1724649839865
USER	User Journey on Abercrombie Website	START	1724649840366
REQUEST		Homepage	1724649837531	1724649840410	OK	 
REQUEST		PDP Page	1724649823288	1724649840635	OK	 
REQUEST		PLP PAGE	1724649815161	1724649840702	OK	 
REQUEST		Add Product to Cart	1724649830934	1724649840711	OK	 
USER	User Journey on Abercrombie Website	START	1724649840883
REQUEST		Homepage	1724649837198	1724649840931	OK	 
REQUEST		Homepage	1724649833865	1724649841066	OK	 
REQUEST		Homepage	1724649838866	1724649841181	OK	 
USER	User Journey on Abercrombie Website	START	1724649841199
REQUEST		Homepage	1724649834866	1724649841215	OK	 
USER	User Journey on Abercrombie Website	START	1724649841531
USER	User Journey on Abercrombie Website	START	1724649841865
REQUEST		PDP Page	1724649825577	1724649842109	OK	 
REQUEST		PLP PAGE	1724649810136	1724649842215	OK	 
USER	User Journey on Abercrombie Website	START	1724649842365
REQUEST		Homepage	1724649837864	1724649842759	OK	 
REQUEST		Homepage	1724649839865	1724649842776	OK	 
REQUEST		Homepage	1724649836366	1724649842849	OK	 
USER	User Journey on Abercrombie Website	START	1724649842865
REQUEST		PLP PAGE	1724649816743	1724649842924	OK	 
USER	User Journey on Abercrombie Website	START	1724649843198
REQUEST		PLP PAGE	1724649822865	1724649843334	OK	 
REQUEST		Add Product to Cart	1724649835340	1724649843416	OK	 
USER	User Journey on Abercrombie Website	START	1724649843532
REQUEST		Homepage	1724649841199	1724649843613	OK	 
REQUEST		Proceed to Checkout	1724649825443	1724649843697	OK	 
USER	User Journey on Abercrombie Website	END	1724649843702
REQUEST		Add Product to Cart	1724649834749	1724649843826	OK	 
USER	User Journey on Abercrombie Website	START	1724649843867
REQUEST		PLP PAGE	1724649815556	1724649843957	OK	 
REQUEST		PLP PAGE	1724649824704	1724649844199	OK	 
REQUEST		Homepage	1724649838365	1724649844304	OK	 
USER	User Journey on Abercrombie Website	START	1724649844366
USER	User Journey on Abercrombie Website	START	1724649844864
REQUEST		Homepage	1724649842865	1724649844992	OK	 
REQUEST		Homepage	1724649833531	1724649845106	OK	 
REQUEST		Add Product to Cart	1724649833792	1724649845184	OK	 
USER	User Journey on Abercrombie Website	START	1724649845197
REQUEST		Homepage	1724649841866	1724649845473	OK	 
USER	User Journey on Abercrombie Website	START	1724649845531
REQUEST		Homepage	1724649839532	1724649845605	OK	 
USER	User Journey on Abercrombie Website	START	1724649845865
REQUEST		Homepage	1724649840366	1724649846028	OK	 
USER	User Journey on Abercrombie Website	START	1724649846365
REQUEST		PLP PAGE	1724649825581	1724649846562	OK	 
REQUEST		PLP PAGE	1724649814169	1724649846599	OK	 
REQUEST		Homepage	1724649843532	1724649846780	OK	 
USER	User Journey on Abercrombie Website	START	1724649846865
USER	User Journey on Abercrombie Website	START	1724649847199
REQUEST		Homepage	1724649843198	1724649847505	OK	 
USER	User Journey on Abercrombie Website	START	1724649847533
REQUEST		PLP PAGE	1724649830315	1724649847663	OK	 
USER	User Journey on Abercrombie Website	START	1724649847865
REQUEST		Proceed to Checkout	1724649828889	1724649848100	OK	 
USER	User Journey on Abercrombie Website	END	1724649848111
USER	User Journey on Abercrombie Website	START	1724649848365
REQUEST		Homepage	1724649840883	1724649848775	OK	 
USER	User Journey on Abercrombie Website	START	1724649848887
REQUEST		Homepage	1724649843867	1724649849076	OK	 
REQUEST		Homepage	1724649844865	1724649849080	OK	 
USER	User Journey on Abercrombie Website	START	1724649849199
USER	User Journey on Abercrombie Website	START	1724649849532
USER	User Journey on Abercrombie Website	START	1724649849866
USER	User Journey on Abercrombie Website	START	1724649850365
REQUEST		PLP PAGE	1724649824884	1724649850667	OK	 
USER	User Journey on Abercrombie Website	START	1724649850866
REQUEST		Homepage	1724649839198	1724649850982	OK	 
USER	User Journey on Abercrombie Website	START	1724649851199
REQUEST		PDP Page	1724649834159	1724649851348	OK	 
REQUEST		PLP PAGE	1724649824025	1724649851423	OK	 
USER	User Journey on Abercrombie Website	START	1724649851532
REQUEST		Homepage	1724649835532	1724649851713	OK	 
REQUEST		Homepage	1724649846865	1724649851857	OK	 
USER	User Journey on Abercrombie Website	START	1724649851865
USER	User Journey on Abercrombie Website	START	1724649852365
REQUEST		Homepage	1724649844366	1724649852384	OK	 
REQUEST		Proceed to Checkout	1724649824944	1724649852466	OK	 
USER	User Journey on Abercrombie Website	END	1724649852473
REQUEST		Homepage	1724649847866	1724649852487	OK	 
REQUEST		Homepage	1724649848887	1724649852547	OK	 
USER	User Journey on Abercrombie Website	START	1724649852865
REQUEST		Homepage	1724649849866	1724649853014	OK	 
USER	User Journey on Abercrombie Website	START	1724649853198
REQUEST		PLP PAGE	1724649823526	1724649853299	OK	 
REQUEST		Homepage	1724649849533	1724649853330	OK	 
REQUEST		Homepage	1724649850366	1724649853361	OK	 
REQUEST		PLP PAGE	1724649823621	1724649853499	OK	 
USER	User Journey on Abercrombie Website	START	1724649853532
REQUEST		Add Product to Cart	1724649839638	1724649853764	OK	 
USER	User Journey on Abercrombie Website	START	1724649853866
REQUEST		Homepage	1724649841531	1724649854105	OK	 
USER	User Journey on Abercrombie Website	START	1724649854366
REQUEST		Homepage	1724649848366	1724649854538	OK	 
REQUEST		Homepage	1724649851866	1724649854580	OK	 
USER	User Journey on Abercrombie Website	START	1724649854866
REQUEST		PDP Page	1724649835432	1724649854890	OK	 
REQUEST		Homepage	1724649851532	1724649854898	OK	 
USER	User Journey on Abercrombie Website	START	1724649855198
REQUEST		Add Product to Cart	1724649838025	1724649855260	OK	 
REQUEST		PDP Page	1724649839163	1724649855294	OK	 
REQUEST		PLP PAGE	1724649819772	1724649855444	OK	 
REQUEST		Homepage	1724649842365	1724649855529	OK	 
USER	User Journey on Abercrombie Website	START	1724649855531
REQUEST		PLP PAGE	1724649823773	1724649855543	OK	 
REQUEST		PLP PAGE	1724649830046	1724649855675	OK	 
REQUEST		Homepage	1724649845865	1724649855834	OK	 
USER	User Journey on Abercrombie Website	START	1724649855865
REQUEST		Homepage	1724649847199	1724649856062	OK	 
USER	User Journey on Abercrombie Website	START	1724649856365
REQUEST		Homepage	1724649851199	1724649856740	OK	 
USER	User Journey on Abercrombie Website	START	1724649856866
REQUEST		PDP Page	1724649835245	1724649856924	OK	 
USER	User Journey on Abercrombie Website	START	1724649857197
REQUEST		Homepage	1724649845532	1724649857352	OK	 
REQUEST		PLP PAGE	1724649813767	1724649857381	OK	 
REQUEST		PDP Page	1724649833536	1724649857433	OK	 
USER	User Journey on Abercrombie Website	START	1724649857532
REQUEST		PLP PAGE	1724649821771	1724649857567	OK	 
USER	User Journey on Abercrombie Website	START	1724649857873
REQUEST		Proceed to Checkout	1724649829737	1724649857962	OK	 
USER	User Journey on Abercrombie Website	END	1724649857971
REQUEST		Add Product to Cart	1724649839851	1724649858091	OK	 
REQUEST		Homepage	1724649850866	1724649858229	OK	 
USER	User Journey on Abercrombie Website	START	1724649858366
REQUEST		PLP PAGE	1724649826140	1724649858394	OK	 
REQUEST		Homepage	1724649854867	1724649858547	OK	 
REQUEST		PLP PAGE	1724649823514	1724649858763	OK	 
REQUEST		Homepage	1724649856365	1724649859066	OK	 
REQUEST		Proceed to Checkout	1724649826167	1724649859261	OK	 
REQUEST		Add Product to Cart	1724649835835	1724649859262	OK	 
USER	User Journey on Abercrombie Website	END	1724649859267
REQUEST		PDP Page	1724649841717	1724649859409	OK	 
REQUEST		Homepage	1724649854366	1724649859465	OK	 
REQUEST		Homepage	1724649857532	1724649859761	OK	 
REQUEST		Proceed to Checkout	1724649835307	1724649859869	OK	 
USER	User Journey on Abercrombie Website	END	1724649859890
REQUEST		Homepage	1724649846365	1724649859957	OK	 
REQUEST		Proceed to Checkout	1724649830490	1724649860541	OK	 
USER	User Journey on Abercrombie Website	END	1724649860552
REQUEST		PLP PAGE	1724649822025	1724649860663	OK	 
REQUEST		PDP Page	1724649840267	1724649860702	OK	 
REQUEST		PLP PAGE	1724649824465	1724649860734	OK	 
REQUEST		Homepage	1724649852865	1724649860843	OK	 
REQUEST		PLP PAGE	1724649831344	1724649860869	OK	 
REQUEST		PLP PAGE	1724649828943	1724649861164	OK	 
REQUEST		Homepage	1724649845198	1724649861771	OK	 
REQUEST		PDP Page	1724649844350	1724649861928	OK	 
REQUEST		PDP Page	1724649832245	1724649861941	OK	 
REQUEST		PDP Page	1724649835239	1724649861998	OK	 
REQUEST		Homepage	1724649849199	1724649862276	OK	 
REQUEST		PDP Page	1724649835511	1724649862581	OK	 
REQUEST		Add Product to Cart	1724649852360	1724649863210	OK	 
REQUEST		Homepage	1724649856866	1724649863737	OK	 
REQUEST		PDP Page	1724649837533	1724649863799	OK	 
REQUEST		PDP Page	1724649852439	1724649864105	OK	 
REQUEST		Add Product to Cart	1724649856301	1724649864167	OK	 
REQUEST		PDP Page	1724649843942	1724649864411	OK	 
REQUEST		PDP Page	1724649854301	1724649864678	OK	 
REQUEST		PLP PAGE	1724649823357	1724649864835	OK	 
REQUEST		Homepage	1724649847533	1724649864981	OK	 
REQUEST		Homepage	1724649857197	1724649865139	OK	 
REQUEST		PLP PAGE	1724649827381	1724649865202	OK	 
REQUEST		Add Product to Cart	1724649843116	1724649865379	OK	 
REQUEST		Homepage	1724649855531	1724649865513	OK	 
REQUEST		Homepage	1724649855198	1724649865576	OK	 
REQUEST		Homepage	1724649855866	1724649865927	OK	 
REQUEST		Homepage	1724649852365	1724649865986	OK	 
REQUEST		PDP Page	1724649838633	1724649866181	OK	 
REQUEST		PDP Page	1724649851668	1724649866250	OK	 
REQUEST		Homepage	1724649857873	1724649866382	OK	 
REQUEST		PLP PAGE	1724649825471	1724649866387	OK	 
REQUEST		PLP PAGE	1724649833454	1724649866596	OK	 
REQUEST		PDP Page	1724649840296	1724649866696	OK	 
REQUEST		PDP Page	1724649843217	1724649866732	OK	 
REQUEST		PDP Page	1724649845212	1724649866813	OK	 
REQUEST		Add Product to Cart	1724649841643	1724649866888	OK	 
REQUEST		Proceed to Checkout	1724649846188	1724649867387	OK	 
USER	User Journey on Abercrombie Website	END	1724649867393
REQUEST		Homepage	1724649858366	1724649867423	OK	 
REQUEST		PLP PAGE	1724649830052	1724649867900	OK	 
REQUEST		PDP Page	1724649847564	1724649868431	OK	 
REQUEST		Homepage	1724649853532	1724649868441	OK	 
REQUEST		PLP PAGE	1724649827602	1724649868498	OK	 
REQUEST		PLP PAGE	1724649830103	1724649868654	OK	 
REQUEST		Add Product to Cart	1724649857926	1724649868901	OK	 
REQUEST		PDP Page	1724649848664	1724649868960	OK	 
REQUEST		Add Product to Cart	1724649858437	1724649869352	OK	 
REQUEST		Add Product to Cart	1724649860415	1724649870030	OK	 
REQUEST		PDP Page	1724649856677	1724649870579	OK	 
REQUEST		PDP Page	1724649859406	1724649870701	OK	 
REQUEST		Proceed to Checkout	1724649844421	1724649871111	OK	 
USER	User Journey on Abercrombie Website	END	1724649871119
REQUEST		Add Product to Cart	1724649861704	1724649871403	OK	 
REQUEST		PLP PAGE	1724649829464	1724649871414	OK	 
REQUEST		PLP PAGE	1724649821849	1724649871526	OK	 
REQUEST		Proceed to Checkout	1724649841716	1724649871920	OK	 
USER	User Journey on Abercrombie Website	END	1724649871927
REQUEST		Add Product to Cart	1724649862934	1724649872050	OK	 
REQUEST		Add Product to Cart	1724649855894	1724649872411	OK	 
REQUEST		PLP PAGE	1724649839707	1724649872438	OK	 
REQUEST		Homepage	1724649853198	1724649872686	OK	 
REQUEST		Add Product to Cart	1724649865684	1724649872858	OK	 
REQUEST		Add Product to Cart	1724649863001	1724649873038	OK	 
REQUEST		Add Product to Cart	1724649863583	1724649873284	OK	 
REQUEST		PDP Page	1724649844970	1724649873439	OK	 
REQUEST		PDP Page	1724649847614	1724649873454	OK	 
REQUEST		PLP PAGE	1724649835266	1724649873809	OK	 
REQUEST		PDP Page	1724649856469	1724649873809	OK	 
REQUEST		PLP PAGE	1724649837670	1724649874142	OK	 
REQUEST		PDP Page	1724649861680	1724649875121	OK	 
REQUEST		Proceed to Checkout	1724649856265	1724649875206	OK	 
USER	User Journey on Abercrombie Website	END	1724649875210
REQUEST		PLP PAGE	1724649835266	1724649875391	OK	 
REQUEST		Proceed to Checkout	1724649854772	1724649875980	OK	 
USER	User Journey on Abercrombie Website	END	1724649875989
REQUEST		PLP PAGE	1724649838595	1724649876250	OK	 
REQUEST		PDP Page	1724649862180	1724649876337	OK	 
REQUEST		PDP Page	1724649858382	1724649876830	OK	 
REQUEST		PLP PAGE	1724649836651	1724649877026	OK	 
REQUEST		PLP PAGE	1724649818849	1724649877128	OK	 
REQUEST		PLP PAGE	1724649830537	1724649877140	OK	 
REQUEST		Add Product to Cart	1724649862950	1724649877150	OK	 
REQUEST		Proceed to Checkout	1724649844833	1724649877155	OK	 
USER	User Journey on Abercrombie Website	END	1724649877159
REQUEST		Add Product to Cart	1724649867186	1724649877232	OK	 
REQUEST		PLP PAGE	1724649828940	1724649877799	OK	 
REQUEST		PLP PAGE	1724649829429	1724649877820	OK	 
REQUEST		PLP PAGE	1724649841413	1724649877930	OK	 
REQUEST		Add Product to Cart	1724649865106	1724649877956	OK	 
REQUEST		Homepage	1724649853866	1724649878016	OK	 
REQUEST		Proceed to Checkout	1724649864217	1724649878377	OK	 
USER	User Journey on Abercrombie Website	END	1724649878382
REQUEST		Add Product to Cart	1724649867821	1724649878463	OK	 
REQUEST		PLP PAGE	1724649836144	1724649878550	OK	 
REQUEST		PLP PAGE	1724649840201	1724649878631	OK	 
REQUEST		PDP Page	1724649861892	1724649878914	OK	 
REQUEST		Add Product to Cart	1724649867252	1724649879006	OK	 
REQUEST		PDP Page	1724649856545	1724649879200	OK	 
REQUEST		PDP Page	1724649858569	1724649879723	OK	 
REQUEST		PDP Page	1724649854514	1724649880186	OK	 
REQUEST		PLP PAGE	1724649851988	1724649880519	OK	 
REQUEST		PDP Page	1724649867403	1724649880554	OK	 
REQUEST		PDP Page	1724649867609	1724649880708	OK	 
REQUEST		PDP Page	1724649865837	1724649880777	OK	 
REQUEST		Add Product to Cart	1724649867734	1724649880788	OK	 
REQUEST		PLP PAGE	1724649852863	1724649881359	OK	 
REQUEST		PLP PAGE	1724649837046	1724649881557	OK	 
REQUEST		PLP PAGE	1724649844621	1724649881774	OK	 
REQUEST		PDP Page	1724649866204	1724649881905	OK	 
REQUEST		Add Product to Cart	1724649865416	1724649882039	OK	 
REQUEST		PDP Page	1724649859764	1724649882188	OK	 
REQUEST		PDP Page	1724649868902	1724649882246	OK	 
REQUEST		PLP PAGE	1724649853494	1724649882476	OK	 
REQUEST		Add Product to Cart	1724649869439	1724649882686	OK	 
REQUEST		Add Product to Cart	1724649864807	1724649882783	OK	 
REQUEST		PLP PAGE	1724649842075	1724649882840	OK	 
REQUEST		PLP PAGE	1724649838274	1724649882986	OK	 
REQUEST		Proceed to Checkout	1724649859101	1724649883051	OK	 
USER	User Journey on Abercrombie Website	END	1724649883058
REQUEST		Add Product to Cart	1724649869968	1724649883132	OK	 
REQUEST		PLP PAGE	1724649842188	1724649883325	OK	 
REQUEST		PLP PAGE	1724649845306	1724649883467	OK	 
REQUEST		PLP PAGE	1724649835274	1724649883603	OK	 
REQUEST		PLP PAGE	1724649834267	1724649883647	OK	 
REQUEST		PLP PAGE	1724649846481	1724649883816	OK	 
REQUEST		PDP Page	1724649875160	1724649883834	OK	 
REQUEST		PDP Page	1724649861749	1724649884001	OK	 
REQUEST		PLP PAGE	1724649854018	1724649884311	OK	 
REQUEST		Add Product to Cart	1724649867698	1724649884358	OK	 
REQUEST		Add Product to Cart	1724649871702	1724649885329	OK	 
REQUEST		PDP Page	1724649869516	1724649885521	OK	 
REQUEST		Add Product to Cart	1724649871581	1724649885567	OK	 
REQUEST		PLP PAGE	1724649843783	1724649885655	OK	 
REQUEST		Add Product to Cart	1724649874474	1724649885966	OK	 
REQUEST		Add Product to Cart	1724649876127	1724649886189	OK	 
REQUEST		PDP Page	1724649869668	1724649886430	OK	 
REQUEST		PDP Page	1724649873450	1724649886648	OK	 
REQUEST		PLP PAGE	1724649859549	1724649887077	OK	 
REQUEST		Proceed to Checkout	1724649860267	1724649887213	OK	 
USER	User Journey on Abercrombie Website	END	1724649887219
REQUEST		PLP PAGE	1724649849779	1724649887262	OK	 
REQUEST		PLP PAGE	1724649845999	1724649887455	OK	 
REQUEST		PLP PAGE	1724649847030	1724649887884	OK	 
REQUEST		PLP PAGE	1724649853559	1724649888050	OK	 
REQUEST		PDP Page	1724649874828	1724649888523	OK	 
REQUEST		PDP Page	1724649878037	1724649888880	OK	 
REQUEST		Proceed to Checkout	1724649871034	1724649888983	OK	 
USER	User Journey on Abercrombie Website	END	1724649888989
REQUEST		PLP PAGE	1724649834732	1724649889785	OK	 
REQUEST		PLP PAGE	1724649847786	1724649890005	OK	 
REQUEST		PLP PAGE	1724649846113	1724649890013	OK	 
REQUEST		Add Product to Cart	1724649881722	1724649890074	OK	 
REQUEST		Add Product to Cart	1724649877340	1724649890095	OK	 
REQUEST		Add Product to Cart	1724649877842	1724649890106	OK	 
REQUEST		PLP PAGE	1724649842222	1724649890163	OK	 
REQUEST		Add Product to Cart	1724649881791	1724649890286	OK	 
REQUEST		Proceed to Checkout	1724649865173	1724649890931	OK	 
USER	User Journey on Abercrombie Website	END	1724649890941
REQUEST		PLP PAGE	1724649856541	1724649891110	OK	 
REQUEST		PLP PAGE	1724649841933	1724649891263	OK	 
REQUEST		Proceed to Checkout	1724649873863	1724649891473	OK	 
USER	User Journey on Abercrombie Website	END	1724649891477
REQUEST		PDP Page	1724649877266	1724649891493	OK	 
REQUEST		PLP PAGE	1724649854369	1724649891526	OK	 
REQUEST		PLP PAGE	1724649840386	1724649891656	OK	 
REQUEST		Proceed to Checkout	1724649873060	1724649891774	OK	 
USER	User Journey on Abercrombie Website	END	1724649891779
REQUEST		Add Product to Cart	1724649883193	1724649892283	OK	 
REQUEST		Proceed to Checkout	1724649872414	1724649892410	OK	 
USER	User Journey on Abercrombie Website	END	1724649892418
REQUEST		PLP PAGE	1724649835494	1724649892459	OK	 
REQUEST		Add Product to Cart	1724649874814	1724649892513	OK	 
REQUEST		Proceed to Checkout	1724649870359	1724649892536	OK	 
USER	User Journey on Abercrombie Website	END	1724649892544
REQUEST		Add Product to Cart	1724649884836	1724649892667	OK	 
REQUEST		PDP Page	1724649881546	1724649892719	OK	 
REQUEST		PDP Page	1724649878947	1724649892773	OK	 
REQUEST		Add Product to Cart	1724649874446	1724649892885	OK	 
REQUEST		Add Product to Cart	1724649879922	1724649892927	OK	 
REQUEST		PDP Page	1724649872528	1724649892951	OK	 
REQUEST		Add Product to Cart	1724649882912	1724649893007	OK	 
REQUEST		Proceed to Checkout	1724649883791	1724649893241	OK	 
USER	User Journey on Abercrombie Website	END	1724649893252
REQUEST		Add Product to Cart	1724649883249	1724649893648	OK	 
REQUEST		Add Product to Cart	1724649880726	1724649893710	OK	 
REQUEST		PDP Page	1724649879633	1724649893908	OK	 
REQUEST		PLP PAGE	1724649863284	1724649893952	OK	 
REQUEST		PDP Page	1724649878139	1724649893952	OK	 
REQUEST		Proceed to Checkout	1724649878240	1724649894095	OK	 
USER	User Journey on Abercrombie Website	END	1724649894103
REQUEST		Add Product to Cart	1724649881187	1724649894372	OK	 
REQUEST		PLP PAGE	1724649866145	1724649894383	OK	 
REQUEST		Proceed to Checkout	1724649869906	1724649894466	OK	 
USER	User Journey on Abercrombie Website	END	1724649894472
REQUEST		PDP Page	1724649872428	1724649894519	OK	 
REQUEST		PLP PAGE	1724649855585	1724649894527	OK	 
REQUEST		Proceed to Checkout	1724649878963	1724649894663	OK	 
USER	User Journey on Abercrombie Website	END	1724649894677
REQUEST		Proceed to Checkout	1724649873418	1724649894688	OK	 
USER	User Journey on Abercrombie Website	END	1724649894697
REQUEST		PDP Page	1724649878830	1724649894703	OK	 
REQUEST		PLP PAGE	1724649861851	1724649894713	OK	 
REQUEST		PLP PAGE	1724649860074	1724649894991	OK	 
REQUEST		Proceed to Checkout	1724649874045	1724649895140	OK	 
USER	User Journey on Abercrombie Website	END	1724649895147
REQUEST		Add Product to Cart	1724649881561	1724649895209	OK	 
REQUEST		Add Product to Cart	1724649886527	1724649895293	OK	 
REQUEST		PLP PAGE	1724649853394	1724649895358	OK	 
REQUEST		PLP PAGE	1724649860970	1724649895358	OK	 
REQUEST		Add Product to Cart	1724649889881	1724649895509	OK	 
REQUEST		PLP PAGE	1724649855540	1724649895629	OK	 
REQUEST		PLP PAGE	1724649846613	1724649895857	OK	 
REQUEST		PLP PAGE	1724649836442	1724649895869	OK	 
REQUEST		PDP Page	1724649885312	1724649896040	OK	 
REQUEST		Proceed to Checkout	1724649866389	1724649896136	OK	 
USER	User Journey on Abercrombie Website	END	1724649896140
REQUEST		PDP Page	1724649884339	1724649896179	OK	 
REQUEST		Add Product to Cart	1724649887437	1724649896259	OK	 
REQUEST		PLP PAGE	1724649857071	1724649896346	OK	 
REQUEST		PLP PAGE	1724649866585	1724649896529	OK	 
REQUEST		PLP PAGE	1724649864744	1724649896562	OK	 
REQUEST		PDP Page	1724649883856	1724649896562	OK	 
REQUEST		PDP Page	1724649884469	1724649896562	OK	 
REQUEST		PLP PAGE	1724649836581	1724649896583	KO	i.g.h.c.i.RequestTimeoutException: Request timeout to www.abercrombie.com/151.101.65.91:443 after 60000 ms
REQUEST		Add Product to Cart	1724649887650	1724649896606	OK	 
REQUEST		PDP Page	1724649876408	1724649896666	OK	 
REQUEST		PLP PAGE	1724649860471	1724649896711	OK	 
REQUEST		PDP Page	1724649882572	1724649896753	OK	 
REQUEST		PDP Page	1724649878163	1724649896945	OK	 
REQUEST		PLP PAGE	1724649850082	1724649896997	OK	 
REQUEST		PDP Page	1724649891006	1724649897059	OK	 
REQUEST		PDP Page	1724649878801	1724649897076	OK	 
REQUEST		PDP Page	1724649882388	1724649897341	OK	 
REQUEST		PLP PAGE	1724649866521	1724649897438	OK	 
REQUEST		Add Product to Cart	1724649880207	1724649898109	OK	 
REQUEST		Proceed to Checkout	1724649874289	1724649898183	OK	 
USER	User Journey on Abercrombie Website	END	1724649898188
REQUEST		PDP Page	1724649888263	1724649898476	OK	 
REQUEST		PDP Page	1724649882792	1724649898744	OK	 
REQUEST		PDP Page	1724649884605	1724649898909	OK	 
REQUEST		Proceed to Checkout	1724649880012	1724649898952	OK	 
USER	User Journey on Abercrombie Website	END	1724649898958
REQUEST		PDP Page	1724649884817	1724649898987	OK	 
REQUEST		Add Product to Cart	1724649885009	1724649899009	OK	 
REQUEST		Proceed to Checkout	1724649885362	1724649899036	OK	 
USER	User Journey on Abercrombie Website	END	1724649899050
REQUEST		PDP Page	1724649884659	1724649899083	OK	 
REQUEST		Add Product to Cart	1724649889525	1724649899107	OK	 
REQUEST		PLP PAGE	1724649843856	1724649899655	OK	 
REQUEST		PLP PAGE	1724649866935	1724649899726	OK	 
REQUEST		Proceed to Checkout	1724649886333	1724649899742	OK	 
USER	User Journey on Abercrombie Website	END	1724649899746
REQUEST		PDP Page	1724649888079	1724649899768	OK	 
REQUEST		PDP Page	1724649886656	1724649899944	OK	 
REQUEST		PLP PAGE	1724649850088	1724649899970	OK	 
REQUEST		Proceed to Checkout	1724649867893	1724649900069	OK	 
USER	User Journey on Abercrombie Website	END	1724649900076
REQUEST		Proceed to Checkout	1724649883046	1724649900317	OK	 
USER	User Journey on Abercrombie Website	END	1724649900322
REQUEST		PLP PAGE	1724649848510	1724649900374	OK	 
REQUEST		Add Product to Cart	1724649893778	1724649900396	OK	 
REQUEST		Proceed to Checkout	1724649878155	1724649900417	OK	 
USER	User Journey on Abercrombie Website	END	1724649900423
REQUEST		PLP PAGE	1724649860766	1724649900652	OK	 
REQUEST		PDP Page	1724649883493	1724649900793	OK	 
REQUEST		Add Product to Cart	1724649893730	1724649900960	OK	 
REQUEST		PDP Page	1724649892658	1724649901039	OK	 
REQUEST		PLP PAGE	1724649843765	1724649901293	OK	 
REQUEST		PDP Page	1724649891026	1724649901400	OK	 
REQUEST		PLP PAGE	1724649865985	1724649901494	OK	 
REQUEST		Proceed to Checkout	1724649881793	1724649901560	OK	 
USER	User Journey on Abercrombie Website	END	1724649901566
REQUEST		PDP Page	1724649888886	1724649901918	OK	 
REQUEST		PLP PAGE	1724649866988	1724649902321	OK	 
REQUEST		Proceed to Checkout	1724649879470	1724649902368	OK	 
USER	User Journey on Abercrombie Website	END	1724649902373
REQUEST		Proceed to Checkout	1724649891101	1724649902377	OK	 
USER	User Journey on Abercrombie Website	END	1724649902380
REQUEST		PDP Page	1724649897587	1724649902385	OK	 
REQUEST		PLP PAGE	1724649859236	1724649902389	OK	 
REQUEST		PDP Page	1724649879552	1724649902852	OK	 
REQUEST		Add Product to Cart	1724649892495	1724649902917	OK	 
REQUEST		Add Product to Cart	1724649895716	1724649903034	OK	 
REQUEST		PDP Page	1724649891164	1724649903420	OK	 
REQUEST		PLP PAGE	1724649857747	1724649903600	OK	 
REQUEST		PDP Page	1724649892551	1724649903694	OK	 
REQUEST		Add Product to Cart	1724649897563	1724649903932	OK	 
REQUEST		PDP Page	1724649883988	1724649903978	OK	 
REQUEST		PLP PAGE	1724649862772	1724649903999	OK	 
REQUEST		PDP Page	1724649895384	1724649904089	OK	 
REQUEST		Add Product to Cart	1724649894957	1724649904510	OK	 
REQUEST		Add Product to Cart	1724649895524	1724649904729	OK	 
REQUEST		PLP PAGE	1724649856836	1724649904739	OK	 
REQUEST		Proceed to Checkout	1724649884138	1724649904993	OK	 
USER	User Journey on Abercrombie Website	END	1724649904997
REQUEST		Proceed to Checkout	1724649887195	1724649905168	OK	 
USER	User Journey on Abercrombie Website	END	1724649905175
REQUEST		Add Product to Cart	1724649894915	1724649905357	OK	 
REQUEST		PDP Page	1724649895993	1724649905498	OK	 
REQUEST		Proceed to Checkout	1724649893288	1724649905565	OK	 
USER	User Journey on Abercrombie Website	END	1724649905573
REQUEST		PDP Page	1724649895547	1724649905582	OK	 
REQUEST		Add Product to Cart	1724649898342	1724649905719	OK	 
REQUEST		Add Product to Cart	1724649898060	1724649905886	OK	 
REQUEST		PDP Page	1724649894953	1724649905891	OK	 
REQUEST		Proceed to Checkout	1724649883692	1724649905911	OK	 
REQUEST		Add Product to Cart	1724649897186	1724649905912	OK	 
USER	User Journey on Abercrombie Website	END	1724649905917
REQUEST		PDP Page	1724649896858	1724649905931	OK	 
REQUEST		Add Product to Cart	1724649897041	1724649906043	OK	 
REQUEST		PDP Page	1724649895714	1724649906268	OK	 
REQUEST		Proceed to Checkout	1724649886573	1724649906403	OK	 
USER	User Journey on Abercrombie Website	END	1724649906410
REQUEST		PDP Page	1724649896631	1724649906554	OK	 
REQUEST		PDP Page	1724649888456	1724649906578	OK	 
REQUEST		PDP Page	1724649892112	1724649906602	OK	 
REQUEST		PDP Page	1724649889071	1724649906798	OK	 
REQUEST		Add Product to Cart	1724649900770	1724649906857	OK	 
REQUEST		Add Product to Cart	1724649899484	1724649906888	OK	 
REQUEST		Proceed to Checkout	1724649891078	1724649906929	OK	 
USER	User Journey on Abercrombie Website	END	1724649906937
REQUEST		Add Product to Cart	1724649893955	1724649906962	OK	 
REQUEST		PDP Page	1724649893484	1724649906971	OK	 
REQUEST		Proceed to Checkout	1724649894653	1724649906991	OK	 
USER	User Journey on Abercrombie Website	END	1724649906996
REQUEST		Add Product to Cart	1724649897955	1724649907029	OK	 
REQUEST		Add Product to Cart	1724649899745	1724649907191	OK	 
REQUEST		Add Product to Cart	1724649898083	1724649907460	OK	 
REQUEST		Add Product to Cart	1724649897756	1724649907571	OK	 
REQUEST		Add Product to Cart	1724649897667	1724649907710	OK	 
REQUEST		Proceed to Checkout	1724649893937	1724649907910	OK	 
REQUEST		Proceed to Checkout	1724649896513	1724649907917	OK	 
USER	User Journey on Abercrombie Website	END	1724649907920
USER	User Journey on Abercrombie Website	END	1724649907929
REQUEST		PLP PAGE	1724649852720	1724649907938	OK	 
REQUEST		PDP Page	1724649897367	1724649907975	OK	 
REQUEST		PDP Page	1724649896372	1724649908041	OK	 
REQUEST		Proceed to Checkout	1724649894010	1724649908074	OK	 
USER	User Journey on Abercrombie Website	END	1724649908079
REQUEST		PDP Page	1724649890802	1724649908221	OK	 
REQUEST		Add Product to Cart	1724649899992	1724649908260	OK	 
REQUEST		PDP Page	1724649896359	1724649908293	OK	 
REQUEST		PLP PAGE	1724649854337	1724649908347	OK	 
REQUEST		Proceed to Checkout	1724649896219	1724649908450	OK	 
USER	User Journey on Abercrombie Website	END	1724649908454
REQUEST		Proceed to Checkout	1724649891290	1724649908505	OK	 
USER	User Journey on Abercrombie Website	END	1724649908511
REQUEST		Proceed to Checkout	1724649893519	1724649908766	OK	 
USER	User Journey on Abercrombie Website	END	1724649908775
REQUEST		PDP Page	1724649897584	1724649908819	OK	 
REQUEST		Add Product to Cart	1724649897564	1724649909187	OK	 
REQUEST		PDP Page	1724649892265	1724649909228	OK	 
REQUEST		Add Product to Cart	1724649902043	1724649909342	OK	 
REQUEST		PDP Page	1724649900745	1724649909417	OK	 
REQUEST		Proceed to Checkout	1724649886974	1724649909471	OK	 
REQUEST		PLP PAGE	1724649867387	1724649909476	OK	 
USER	User Journey on Abercrombie Website	END	1724649909477
REQUEST		PLP PAGE	1724649855904	1724649909495	OK	 
REQUEST		PLP PAGE	1724649855105	1724649909544	OK	 
REQUEST		Add Product to Cart	1724649899911	1724649909909	OK	 
REQUEST		Add Product to Cart	1724649902407	1724649910029	OK	 
REQUEST		Add Product to Cart	1724649900945	1724649910083	OK	 
REQUEST		PLP PAGE	1724649868429	1724649910121	OK	 
REQUEST		Add Product to Cart	1724649904983	1724649910287	OK	 
REQUEST		Proceed to Checkout	1724649895376	1724649910328	OK	 
USER	User Journey on Abercrombie Website	END	1724649910332
REQUEST		Proceed to Checkout	1724649891112	1724649910373	OK	 
USER	User Journey on Abercrombie Website	END	1724649910383
REQUEST		PLP PAGE	1724649858360	1724649910516	OK	 
REQUEST		Proceed to Checkout	1724649893672	1724649910520	OK	 
USER	User Journey on Abercrombie Website	END	1724649910527
REQUEST		PDP Page	1724649897998	1724649910764	OK	 
REQUEST		PDP Page	1724649897532	1724649910783	OK	 
REQUEST		PDP Page	1724649897817	1724649911048	OK	 
REQUEST		PLP PAGE	1724649869449	1724649911078	OK	 
REQUEST		Add Product to Cart	1724649905094	1724649911161	OK	 
REQUEST		Add Product to Cart	1724649900088	1724649911199	OK	 
REQUEST		Proceed to Checkout	1724649896299	1724649911327	OK	 
USER	User Journey on Abercrombie Website	END	1724649911331
REQUEST		Proceed to Checkout	1724649901404	1724649911342	OK	 
USER	User Journey on Abercrombie Website	END	1724649911348
REQUEST		PDP Page	1724649903336	1724649911462	OK	 
REQUEST		PDP Page	1724649896870	1724649911551	OK	 
REQUEST		PLP PAGE	1724649873698	1724649911603	OK	 
REQUEST		Add Product to Cart	1724649903390	1724649911644	OK	 
REQUEST		Add Product to Cart	1724649904422	1724649911654	OK	 
REQUEST		PDP Page	1724649898452	1724649911800	OK	 
REQUEST		PDP Page	1724649902495	1724649911977	OK	 
REQUEST		PDP Page	1724649904610	1724649911989	OK	 
REQUEST		Add Product to Cart	1724649907977	1724649912175	OK	 
REQUEST		Add Product to Cart	1724649901803	1724649912228	OK	 
REQUEST		Proceed to Checkout	1724649894716	1724649912352	OK	 
USER	User Journey on Abercrombie Website	END	1724649912366
REQUEST		Add Product to Cart	1724649906590	1724649912417	OK	 
REQUEST		PDP Page	1724649900656	1724649912435	OK	 
REQUEST		PDP Page	1724649903391	1724649912673	OK	 
REQUEST		Add Product to Cart	1724649906504	1724649912673	OK	 
REQUEST		Add Product to Cart	1724649906896	1724649912683	OK	 
REQUEST		Add Product to Cart	1724649906939	1724649912746	OK	 
REQUEST		PDP Page	1724649900987	1724649913041	OK	 
REQUEST		Add Product to Cart	1724649907559	1724649913109	OK	 
REQUEST		Add Product to Cart	1724649907603	1724649913137	OK	 
REQUEST		Proceed to Checkout	1724649897611	1724649913276	OK	 
USER	User Journey on Abercrombie Website	END	1724649913284
REQUEST		Add Product to Cart	1724649907276	1724649913285	OK	 
REQUEST		Proceed to Checkout	1724649900112	1724649913381	OK	 
USER	User Journey on Abercrombie Website	END	1724649913388
REQUEST		Proceed to Checkout	1724649897264	1724649913388	OK	 
USER	User Journey on Abercrombie Website	END	1724649913393
REQUEST		Add Product to Cart	1724649904703	1724649914073	OK	 
REQUEST		Proceed to Checkout	1724649904937	1724649914107	OK	 
USER	User Journey on Abercrombie Website	END	1724649914113
REQUEST		Proceed to Checkout	1724649893891	1724649914274	OK	 
USER	User Journey on Abercrombie Website	END	1724649914280
REQUEST		Add Product to Cart	1724649902922	1724649914815	OK	 
REQUEST		Proceed to Checkout	1724649901970	1724649915493	OK	 
USER	User Journey on Abercrombie Website	END	1724649915500
REQUEST		Add Product to Cart	1724649909298	1724649915602	OK	 
REQUEST		Add Product to Cart	1724649909225	1724649915789	OK	 
REQUEST		Add Product to Cart	1724649908982	1724649915811	OK	 
REQUEST		Add Product to Cart	1724649910425	1724649915833	OK	 
REQUEST		Add Product to Cart	1724649907581	1724649916463	OK	 
REQUEST		Add Product to Cart	1724649911788	1724649916610	OK	 
REQUEST		Add Product to Cart	1724649909839	1724649916694	OK	 
REQUEST		Proceed to Checkout	1724649903922	1724649916875	OK	 
USER	User Journey on Abercrombie Website	END	1724649916881
REQUEST		Proceed to Checkout	1724649909263	1724649917035	OK	 
USER	User Journey on Abercrombie Website	END	1724649917041
REQUEST		PDP Page	1724649905756	1724649917041	OK	 
REQUEST		Add Product to Cart	1724649903857	1724649917058	OK	 
REQUEST		Proceed to Checkout	1724649906890	1724649917143	OK	 
USER	User Journey on Abercrombie Website	END	1724649917147
REQUEST		Proceed to Checkout	1724649904039	1724649917297	OK	 
USER	User Journey on Abercrombie Website	END	1724649917305
REQUEST		Add Product to Cart	1724649912558	1724649917457	OK	 
REQUEST		Add Product to Cart	1724649912054	1724649917596	OK	 
REQUEST		PDP Page	1724649901666	1724649917677	OK	 
REQUEST		Add Product to Cart	1724649912983	1724649917757	OK	 
REQUEST		Proceed to Checkout	1724649906730	1724649917773	OK	 
USER	User Journey on Abercrombie Website	END	1724649917781
REQUEST		PDP Page	1724649902316	1724649917872	OK	 
REQUEST		Proceed to Checkout	1724649907862	1724649918021	OK	 
USER	User Journey on Abercrombie Website	END	1724649918028
REQUEST		Add Product to Cart	1724649909052	1724649918093	OK	 
REQUEST		Add Product to Cart	1724649910234	1724649918197	OK	 
REQUEST		Proceed to Checkout	1724649905515	1724649918197	OK	 
USER	User Journey on Abercrombie Website	END	1724649918202
REQUEST		Proceed to Checkout	1724649906916	1724649918212	OK	 
USER	User Journey on Abercrombie Website	END	1724649918216
REQUEST		PDP Page	1724649905018	1724649918553	OK	 
REQUEST		Proceed to Checkout	1724649908465	1724649918743	OK	 
USER	User Journey on Abercrombie Website	END	1724649918749
REQUEST		Proceed to Checkout	1724649910345	1724649918857	OK	 
USER	User Journey on Abercrombie Website	END	1724649918863
REQUEST		Proceed to Checkout	1724649908036	1724649919061	OK	 
USER	User Journey on Abercrombie Website	END	1724649919068
REQUEST		PDP Page	1724649901389	1724649919233	OK	 
REQUEST		Proceed to Checkout	1724649907047	1724649919444	OK	 
USER	User Journey on Abercrombie Website	END	1724649919448
REQUEST		Add Product to Cart	1724649912810	1724649919452	OK	 
REQUEST		PDP Page	1724649908951	1724649919506	OK	 
REQUEST		Proceed to Checkout	1724649900016	1724649919509	OK	 
USER	User Journey on Abercrombie Website	END	1724649919519
REQUEST		Add Product to Cart	1724649911766	1724649919569	OK	 
REQUEST		PDP Page	1724649911123	1724649919590	OK	 
REQUEST		Proceed to Checkout	1724649899116	1724649919593	OK	 
USER	User Journey on Abercrombie Website	END	1724649919598
REQUEST		Add Product to Cart	1724649907806	1724649919721	OK	 
REQUEST		Proceed to Checkout	1724649914115	1724649919801	OK	 
USER	User Journey on Abercrombie Website	END	1724649919808
REQUEST		Proceed to Checkout	1724649910915	1724649919979	OK	 
USER	User Journey on Abercrombie Website	END	1724649919984
REQUEST		Proceed to Checkout	1724649912206	1724649920522	OK	 
USER	User Journey on Abercrombie Website	END	1724649920531
REQUEST		PDP Page	1724649912100	1724649920541	OK	 
REQUEST		Proceed to Checkout	1724649913180	1724649920708	OK	 
REQUEST		Add Product to Cart	1724649913681	1724649920713	OK	 
USER	User Journey on Abercrombie Website	END	1724649920713
REQUEST		Add Product to Cart	1724649912990	1724649920751	OK	 
REQUEST		Add Product to Cart	1724649913442	1724649920797	OK	 
REQUEST		Proceed to Checkout	1724649913694	1724649920808	OK	 
USER	User Journey on Abercrombie Website	END	1724649920813
REQUEST		Proceed to Checkout	1724649908715	1724649920891	OK	 
USER	User Journey on Abercrombie Website	END	1724649920897
REQUEST		Proceed to Checkout	1724649905733	1724649920961	OK	 
USER	User Journey on Abercrombie Website	END	1724649920966
REQUEST		Proceed to Checkout	1724649910194	1724649921101	OK	 
USER	User Journey on Abercrombie Website	END	1724649921105
REQUEST		Add Product to Cart	1724649912464	1724649921153	OK	 
REQUEST		PDP Page	1724649910477	1724649921549	OK	 
REQUEST		Proceed to Checkout	1724649907966	1724649921658	OK	 
USER	User Journey on Abercrombie Website	END	1724649921668
REQUEST		Add Product to Cart	1724649914049	1724649921906	OK	 
REQUEST		Proceed to Checkout	1724649914140	1724649921921	OK	 
USER	User Journey on Abercrombie Website	END	1724649921928
REQUEST		Proceed to Checkout	1724649907893	1724649922007	OK	 
USER	User Journey on Abercrombie Website	END	1724649922012
REQUEST		Proceed to Checkout	1724649914294	1724649922021	OK	 
USER	User Journey on Abercrombie Website	END	1724649922028
REQUEST		Proceed to Checkout	1724649911033	1724649922052	OK	 
USER	User Journey on Abercrombie Website	END	1724649922056
REQUEST		Proceed to Checkout	1724649913422	1724649922064	OK	 
USER	User Journey on Abercrombie Website	END	1724649922069
REQUEST		Proceed to Checkout	1724649911292	1724649922148	OK	 
USER	User Journey on Abercrombie Website	END	1724649922152
REQUEST		PDP Page	1724649910554	1724649922158	OK	 
REQUEST		Proceed to Checkout	1724649912168	1724649922238	OK	 
USER	User Journey on Abercrombie Website	END	1724649922243
REQUEST		Proceed to Checkout	1724649908197	1724649922251	OK	 
USER	User Journey on Abercrombie Website	END	1724649922255
REQUEST		Proceed to Checkout	1724649911089	1724649922464	OK	 
USER	User Journey on Abercrombie Website	END	1724649922469
REQUEST		Add Product to Cart	1724649918048	1724649922541	OK	 
REQUEST		Proceed to Checkout	1724649912658	1724649922576	OK	 
USER	User Journey on Abercrombie Website	END	1724649922587
REQUEST		PDP Page	1724649910512	1724649922833	OK	 
REQUEST		Proceed to Checkout	1724649908575	1724649922857	OK	 
USER	User Journey on Abercrombie Website	END	1724649922861
REQUEST		Proceed to Checkout	1724649913751	1724649922884	OK	 
USER	User Journey on Abercrombie Website	END	1724649922890
REQUEST		PDP Page	1724649911527	1724649922985	OK	 
REQUEST		Proceed to Checkout	1724649906363	1724649922988	OK	 
USER	User Journey on Abercrombie Website	END	1724649922996
REQUEST		PDP Page	1724649909355	1724649922997	OK	 
REQUEST		PLP PAGE	1724649879023	1724649923095	OK	 
REQUEST		Proceed to Checkout	1724649913677	1724649923127	OK	 
REQUEST		PDP Page	1724649912628	1724649923127	OK	 
USER	User Journey on Abercrombie Website	END	1724649923131
REQUEST		Proceed to Checkout	1724649913232	1724649923299	OK	 
USER	User Journey on Abercrombie Website	END	1724649923304
REQUEST		Add Product to Cart	1724649920238	1724649923652	OK	 
REQUEST		Add Product to Cart	1724649918879	1724649923669	OK	 
REQUEST		Proceed to Checkout	1724649915821	1724649923753	OK	 
USER	User Journey on Abercrombie Website	END	1724649923760
REQUEST		Proceed to Checkout	1724649917613	1724649923805	OK	 
USER	User Journey on Abercrombie Website	END	1724649923809
REQUEST		Add Product to Cart	1724649918685	1724649923869	OK	 
REQUEST		Add Product to Cart	1724649919560	1724649924155	OK	 
REQUEST		Add Product to Cart	1724649920596	1724649924360	OK	 
REQUEST		Proceed to Checkout	1724649918463	1724649924390	OK	 
REQUEST		Proceed to Checkout	1724649916793	1724649924392	OK	 
USER	User Journey on Abercrombie Website	END	1724649924396
USER	User Journey on Abercrombie Website	END	1724649924396
REQUEST		Proceed to Checkout	1724649912650	1724649924462	OK	 
USER	User Journey on Abercrombie Website	END	1724649924466
REQUEST		Proceed to Checkout	1724649917468	1724649924484	OK	 
USER	User Journey on Abercrombie Website	END	1724649924489
REQUEST		Proceed to Checkout	1724649918602	1724649924565	OK	 
USER	User Journey on Abercrombie Website	END	1724649924570
REQUEST		Add Product to Cart	1724649920511	1724649924580	OK	 
REQUEST		Proceed to Checkout	1724649916816	1724649924698	OK	 
USER	User Journey on Abercrombie Website	END	1724649924705
REQUEST		Proceed to Checkout	1724649916605	1724649924712	OK	 
USER	User Journey on Abercrombie Website	END	1724649924726
REQUEST		Proceed to Checkout	1724649920572	1724649924851	OK	 
USER	User Journey on Abercrombie Website	END	1724649924854
REQUEST		Proceed to Checkout	1724649915079	1724649924860	OK	 
USER	User Journey on Abercrombie Website	END	1724649924869
REQUEST		Proceed to Checkout	1724649918761	1724649924911	OK	 
USER	User Journey on Abercrombie Website	END	1724649924915
REQUEST		Add Product to Cart	1724649921546	1724649925059	OK	 
REQUEST		Add Product to Cart	1724649922555	1724649925074	OK	 
REQUEST		Proceed to Checkout	1724649919201	1724649925142	OK	 
USER	User Journey on Abercrombie Website	END	1724649925147
REQUEST		Proceed to Checkout	1724649920459	1724649925248	OK	 
USER	User Journey on Abercrombie Website	END	1724649925251
REQUEST		Proceed to Checkout	1724649918071	1724649925332	OK	 
USER	User Journey on Abercrombie Website	END	1724649925338
REQUEST		Proceed to Checkout	1724649917698	1724649925386	OK	 
USER	User Journey on Abercrombie Website	END	1724649925398
REQUEST		Proceed to Checkout	1724649916837	1724649925466	OK	 
USER	User Journey on Abercrombie Website	END	1724649925470
REQUEST		Proceed to Checkout	1724649919104	1724649925605	OK	 
USER	User Journey on Abercrombie Website	END	1724649925611
REQUEST		Add Product to Cart	1724649923845	1724649926229	OK	 
REQUEST		Proceed to Checkout	1724649924657	1724649926233	OK	 
USER	User Journey on Abercrombie Website	END	1724649926239
REQUEST		PDP Page	1724649924108	1724649926282	OK	 
REQUEST		Add Product to Cart	1724649924135	1724649926343	OK	 
REQUEST		Add Product to Cart	1724649923987	1724649926373	OK	 
REQUEST		Add Product to Cart	1724649924008	1724649926422	OK	 
REQUEST		Add Product to Cart	1724649923165	1724649926547	OK	 
REQUEST		Proceed to Checkout	1724649921800	1724649926599	OK	 
USER	User Journey on Abercrombie Website	END	1724649926604
REQUEST		Proceed to Checkout	1724649922158	1724649926710	OK	 
USER	User Journey on Abercrombie Website	END	1724649926717
REQUEST		Proceed to Checkout	1724649923549	1724649926718	OK	 
USER	User Journey on Abercrombie Website	END	1724649926724
REQUEST		Proceed to Checkout	1724649922910	1724649926879	OK	 
USER	User Journey on Abercrombie Website	END	1724649926885
REQUEST		Proceed to Checkout	1724649924676	1724649927171	OK	 
USER	User Journey on Abercrombie Website	END	1724649927182
REQUEST		Proceed to Checkout	1724649925364	1724649927478	OK	 
USER	User Journey on Abercrombie Website	END	1724649927482
REQUEST		Proceed to Checkout	1724649926079	1724649927522	OK	 
USER	User Journey on Abercrombie Website	END	1724649927526
REQUEST		Proceed to Checkout	1724649925163	1724649927588	OK	 
USER	User Journey on Abercrombie Website	END	1724649927598
REQUEST		Proceed to Checkout	1724649925584	1724649927647	OK	 
USER	User Journey on Abercrombie Website	END	1724649927655
REQUEST		Proceed to Checkout	1724649924873	1724649927748	OK	 
USER	User Journey on Abercrombie Website	END	1724649927753
REQUEST		Proceed to Checkout	1724649926063	1724649927805	OK	 
USER	User Journey on Abercrombie Website	END	1724649927808
REQUEST		Add Product to Cart	1724649927289	1724649928010	OK	 
REQUEST		Proceed to Checkout	1724649927235	1724649928545	OK	 
USER	User Journey on Abercrombie Website	END	1724649928550
REQUEST		Proceed to Checkout	1724649927347	1724649928761	OK	 
USER	User Journey on Abercrombie Website	END	1724649928767
REQUEST		Proceed to Checkout	1724649927380	1724649928822	OK	 
REQUEST		Proceed to Checkout	1724649927551	1724649928823	OK	 
USER	User Journey on Abercrombie Website	END	1724649928827
USER	User Journey on Abercrombie Website	END	1724649928831
REQUEST		Proceed to Checkout	1724649929019	1724649929841	OK	 
USER	User Journey on Abercrombie Website	END	1724649929847
REQUEST		Proceed to Checkout	1724649921756	1724649941868	OK	 
USER	User Journey on Abercrombie Website	END	1724649941873
REQUEST		Proceed to Checkout	1724649921719	1724649944282	OK	 
USER	User Journey on Abercrombie Website	END	1724649944299
REQUEST		Proceed to Checkout	1724649920727	1724649946921	OK	 
USER	User Journey on Abercrombie Website	END	1724649946925
REQUEST		Proceed to Checkout	1724649927427	1724649948742	OK	 
USER	User Journey on Abercrombie Website	END	1724649948750
