RUN	com.gatling.check.FeederDemo	feederdemo	1724664919255	Test	3.6.1
USER	Abercrombie Website	START	1724664921273
REQUEST		Home Page	1724664922294	1724664923040	OK	 
REQUEST		Home Page Redirect 1	1724664923049	1724664923600	OK	 
REQUEST		Home Page	1724664924717	1724664924740	OK	 
REQUEST		Home Page Redirect 1	1724664924741	1724664925356	OK	 
REQUEST		Home Page Redirect 1	1724664926359	1724664926876	OK	 
USER	Abercrombie Website	END	1724664926878
USER	Abercrombie Website	START	1724664933261
REQUEST		Home Page	1724664934264	1724664934345	OK	 
REQUEST		Home Page Redirect 1	1724664934345	1724664934921	OK	 
REQUEST		Home Page	1724664935943	1724664935967	OK	 
REQUEST		Home Page Redirect 1	1724664935967	1724664936512	OK	 
REQUEST		Home Page Redirect 1	1724664937515	1724664938077	OK	 
USER	Abercrombie Website	END	1724664938078
USER	Abercrombie Website	START	1724664945261
REQUEST		Home Page	1724664946263	1724664946332	OK	 
REQUEST		Home Page Redirect 1	1724664946333	1724664946849	OK	 
REQUEST		Home Page	1724664947852	1724664947876	OK	 
REQUEST		Home Page Redirect 1	1724664947876	1724664948498	OK	 
REQUEST		Home Page Redirect 1	1724664949501	1724664949990	OK	 
USER	Abercrombie Website	END	1724664949991
USER	Abercrombie Website	START	1724664957260
REQUEST		Home Page	1724664958262	1724664958331	OK	 
REQUEST		Home Page Redirect 1	1724664958331	1724664958952	OK	 
REQUEST		Home Page	1724664959956	1724664959980	OK	 
REQUEST		Home Page Redirect 1	1724664959981	1724664960523	OK	 
REQUEST		Home Page Redirect 1	1724664961526	1724664962007	OK	 
USER	Abercrombie Website	END	1724664962009
USER	Abercrombie Website	START	1724664969261
REQUEST		Home Page	1724664970263	1724664970333	OK	 
REQUEST		Home Page Redirect 1	1724664970334	1724664970903	OK	 
REQUEST		Home Page	1724664971906	1724664971929	OK	 
REQUEST		Home Page Redirect 1	1724664971929	1724664972510	OK	 
REQUEST		Home Page Redirect 1	1724664973514	1724664974062	OK	 
USER	Abercrombie Website	END	1724664974063
