RUN	com.gatling.check.DemoFeederTwo	demofeedertwo	1724747097714	TestRun	3.6.1
USER	Abercrombie Website User Journey	START	1724747100411
REQUEST		Goto Home Page	1724747100508	1724747102359	OK	 
USER	Abercrombie Website User Journey	START	1724747103385
REQUEST		Goto PDP Page	1724747103575	1724747104105	OK	 
REQUEST		Goto Cart	1724747105145	1724747105749	OK	 
REQUEST		Goto PLP Page	1724747103386	1724747105888	OK	 
USER	Abercrombie Website User Journey	START	1724747106384
REQUEST		Goto Home Page	1724747106787	1724747107306	OK	 
REQUEST		Goto Checkout	1724747106386	1724747107507	OK	 
REQUEST		Goto PLP Page	1724747106928	1724747108331	OK	 
REQUEST		Goto PDP Page	1724747108310	1724747108827	OK	 
REQUEST		Goto Cart	1724747108536	1724747109228	OK	 
USER	Abercrombie Website User Journey	START	1724747109384
USER	Abercrombie Website User Journey	END	1724747109835
REQUEST		Goto Home Page	1724747109386	1724747109907	OK	 
REQUEST		Goto Checkout	1724747109336	1724747110565	OK	 
REQUEST		Goto PDP Page	1724747110912	1724747111381	OK	 
REQUEST		Goto Cart	1724747111576	1724747112162	OK	 
REQUEST		Goto PLP Page	1724747110246	1724747112319	OK	 
USER	Abercrombie Website User Journey	START	1724747112383
REQUEST		Goto Checkout	1724747112384	1724747113470	OK	 
REQUEST		Goto Home Page	1724747112401	1724747113481	OK	 
REQUEST		Goto PDP Page	1724747113367	1724747113906	OK	 
REQUEST		Goto PLP Page	1724747113183	1724747114225	OK	 
REQUEST		Goto Cart	1724747114487	1724747114982	OK	 
USER	Abercrombie Website User Journey	END	1724747115261
REQUEST		Goto Checkout	1724747114498	1724747115361	OK	 
USER	Abercrombie Website User Journey	START	1724747115383
REQUEST		Goto Home Page	1724747114910	1724747115461	OK	 
REQUEST		Goto PLP Page	1724747115385	1724747116374	OK	 
USER	Abercrombie Website User Journey	END	1724747116465
REQUEST		Goto PDP Page	1724747115998	1724747116535	OK	 
REQUEST		Goto Cart	1724747116372	1724747116990	OK	 
USER	Abercrombie Website User Journey	END	1724747117538
REQUEST		Goto Checkout	1724747117378	1724747118376	OK	 
USER	Abercrombie Website User Journey	START	1724747118383
REQUEST		Goto Home Page	1724747118005	1724747118520	OK	 
REQUEST		Goto PLP Page	1724747118386	1724747119932	OK	 
REQUEST		Goto PDP Page	1724747119398	1724747120085	OK	 
REQUEST		Goto Cart	1724747119524	1724747120175	OK	 
USER	Abercrombie Website User Journey	END	1724747121191
USER	Abercrombie Website User Journey	START	1724747121384
REQUEST		Goto Home Page	1724747121089	1724747121586	OK	 
REQUEST		Goto Checkout	1724747120936	1724747122064	OK	 
REQUEST		Goto PLP Page	1724747121386	1724747122817	OK	 
REQUEST		Goto PDP Page	1724747122592	1724747123510	OK	 
REQUEST		Goto Cart	1724747123083	1724747123693	OK	 
USER	Abercrombie Website User Journey	START	1724747124383
USER	Abercrombie Website User Journey	END	1724747124513
REQUEST		Goto Checkout	1724747123870	1724747124599	OK	 
REQUEST		Goto Home Page	1724747124384	1724747125227	OK	 
REQUEST		Goto PLP Page	1724747124706	1724747126066	OK	 
REQUEST		Goto PDP Page	1724747125609	1724747126289	OK	 
REQUEST		Goto Cart	1724747126231	1724747127068	OK	 
USER	Abercrombie Website User Journey	START	1724747127383
REQUEST		Goto Checkout	1724747127105	1724747127691	OK	 
REQUEST		Goto Home Page	1724747127293	1724747127848	OK	 
REQUEST		Goto PDP Page	1724747128082	1724747128631	OK	 
USER	Abercrombie Website User Journey	END	1724747128707
REQUEST		Goto PLP Page	1724747127384	1724747129242	OK	 
REQUEST		Goto Cart	1724747128853	1724747129358	OK	 
REQUEST		Goto Checkout	1724747129647	1724747130322	OK	 
USER	Abercrombie Website User Journey	END	1724747130372
REQUEST		Goto Home Page	1724747130272	1724747131026	OK	 
REQUEST		Goto PLP Page	1724747131340	1724747132365	OK	 
REQUEST		Goto PDP Page	1724747132030	1724747132717	OK	 
USER	Abercrombie Website User Journey	END	1724747133402
REQUEST		Goto Cart	1724747133721	1724747134236	OK	 
REQUEST		Goto Checkout	1724747135247	1724747136273	OK	 
USER	Abercrombie Website User Journey	END	1724747137288
