RUN	com.gatling.check.DemoFeederTwo	demofeedertwo	1724667843531	tetrun	3.6.1
USER	Abercrombie Website User Journey	START	1724667845274
REQUEST		Goto Home Page	1724667845313	1724667846453	OK	 
REQUEST		anf-favicon-152.png	1724667846613	1724667846748	OK	 
REQUEST		anf-favicon-32.png	1724667846577	1724667846752	OK	 
REQUEST		anf-favicon-180.png	1724667846614	1724667846754	OK	 
REQUEST		anf-favicon-192.png	1724667846614	1724667846756	OK	 
REQUEST		anf-favicon-128.png	1724667846613	1724667846762	OK	 
REQUEST		anf-favicon-167.png	1724667846614	1724667846767	OK	 
REQUEST		anf-favicon-196.png	1724667846751	1724667846769	OK	 
REQUEST		YPB-PRIMARY-LOGO-WHITE.svg	1724667846753	1724667846776	OK	 
REQUEST		ruxitagentjs_ICA7NVfhqrux_10295240705110949.js	1724667846573	1724667846821	OK	 
REQUEST		utag.js	1724667846615	1724667846840	OK	 
REQUEST		globalV2.css	1724667846574	1724667846959	OK	 
REQUEST		global.css	1724667846575	1724667847134	OK	 
REQUEST		globalV3.css	1724667846576	1724667847140	OK	 
REQUEST		01_CP15_Official_Lic_Prod_Mark_rgb.png	1724667846777	1724667847148	OK	 
REQUEST		ANF-2024-082224-M-HP-NEW-ARRIVALS-USCA-M.jpg	1724667846768	1724667847158	OK	 
REQUEST		ANF-2024-082224-D-HP-NEW-ARRIVALS-USCA-M.jpg	1724667846755	1724667847163	OK	 
REQUEST		home.css	1724667846576	1724667847168	OK	 
REQUEST		anf.css	1724667846824	1724667847184	OK	 
REQUEST		ANF-2024-082224-M-HP-NEW-ARRIVALS-USCA-W.jpg	1724667846763	1724667847224	OK	 
REQUEST		ANF-2024-082224-D-HP-NEW-ARRIVALS-USCA-W.jpg	1724667846756	1724667847243	OK	 
REQUEST		YPB-PRIMARYLOGOMARK-WHITE.svg	1724667847225	1724667847269	OK	 
REQUEST		ANF-2024-Footer-APP_ICON.svg	1724667847243	1724667847271	OK	 
REQUEST		coreV3.css	1724667846575	1724667847276	OK	 
REQUEST		ANF-2024-Footer-LOCATION_ICON.svg	1724667847269	1724667847293	OK	 
REQUEST		prk2pgw.css	1724667846976	1724667847305	OK	 
REQUEST		ANF-2024-080124-D-HP-NFL-Preview-USCA.jpg	1724667846770	1724667847384	OK	 
REQUEST		01_CP15_Official_Lic_Prod_Mark_r_rgb.png	1724667847159	1724667847442	OK	 
REQUEST		anf.css	1724667847133	1724667847443	OK	 
REQUEST		anf.css	1724667847136	1724667847480	OK	 
REQUEST		anf.css	1724667847144	1724667847512	OK	 
REQUEST		dataBridge.js	1724667847169	1724667847528	OK	 
REQUEST		VisitorAPI.js	1724667847187	1724667847549	OK	 
REQUEST		p.css?s=1&k=prk2pgw&ht=tk&f=7860.7862&a=141395014&app=typekit&e=css	1724667847307	1724667847570	OK	 
REQUEST		ANF-2024-JulWk4-M-HP-NFL-Preview-USCA.jpg	1724667847148	1724667847642	OK	 
REQUEST		at.js	1724667847291	1724667847657	OK	 
REQUEST		ANF-2024-AUGWK3-YPB-SITE-HOMEPAGE.jpg	1724667847164	1724667847700	OK	 
REQUEST		react.production.min.js	1724667847444	1724667847752	OK	 
REQUEST		react-dom.production.min.js	1724667847482	1724667847861	OK	 
REQUEST		globalV2.js	1724667847549	1724667847959	OK	 
REQUEST		global.js	1724667847529	1724667847987	OK	 
REQUEST		catalogV2.js	1724667847657	1724667848016	OK	 
REQUEST		ConstantsJSBase?storeId=11203&catalogId=10901&langId=-1	1724667847514	1724667848018	OK	 
REQUEST		category.js	1724667847753	1724667848066	OK	 
REQUEST		home.js	1724667847862	1724667848212	OK	 
REQUEST		aa.umd.js	1724667847987	1724667848308	OK	 
REQUEST		productV2.js	1724667847959	1724667848309	OK	 
REQUEST		kustomer.min.js	1724667848017	1724667848323	OK	 
REQUEST		customer.js	1724667848019	1724667848546	OK	 
REQUEST		checkoutMFE.js	1724667848067	1724667848636	OK	 
REQUEST		catalog.js	1724667848213	1724667848688	OK	 
USER	Abercrombie Website User Journey	END	1724667849698
USER	Abercrombie Website User Journey	START	1724667860264
REQUEST		Goto PLP Page	1724667860265	1724667862035	OK	 
REQUEST		ruxitagentjs_ICA7NVfhqrux_10295240705110949.js	1724667862086	1724667862123	OK	 
REQUEST		anf-favicon-152.png	1724667862089	1724667862169	OK	 
REQUEST		global.css	1724667862087	1724667862172	OK	 
REQUEST		anf-favicon-128.png	1724667862089	1724667862173	OK	 
REQUEST		anf-favicon-180.png	1724667862090	1724667862178	OK	 
REQUEST		anf-favicon-192.png	1724667862090	1724667862180	OK	 
REQUEST		globalV2.css	1724667862086	1724667862183	OK	 
REQUEST		globalV3.css	1724667862088	1724667862188	OK	 
REQUEST		anf-favicon-32.png	1724667862089	1724667862189	OK	 
REQUEST		anf-favicon-167.png	1724667862089	1724667862190	OK	 
REQUEST		anf-favicon-196.png	1724667862170	1724667862191	OK	 
REQUEST		YPB-PRIMARY-LOGO-WHITE.svg	1724667862174	1724667862195	OK	 
REQUEST		anf.css	1724667862173	1724667862197	OK	 
REQUEST		KIC_122-1318-00598-708_sw?policy=product-xsmall	1724667862181	1724667862204	OK	 
REQUEST		anf.css	1724667862185	1724667862215	OK	 
REQUEST		coreV3.css	1724667862088	1724667862217	OK	 
REQUEST		KIC_122-1308-00597-330_sw?policy=product-xsmall	1724667862190	1724667862228	OK	 
REQUEST		KIC_122-4453-00444-326_sw?policy=product-xsmall	1724667862191	1724667862229	OK	 
REQUEST		anf.css	1724667862189	1724667862231	OK	 
REQUEST		KIC_122-1307-00596-320_sw?policy=product-xsmall	1724667862190	1724667862233	OK	 
REQUEST		anf.css	1724667862198	1724667862244	OK	 
REQUEST		dataBridge.js	1724667862216	1724667862278	OK	 
REQUEST		VisitorAPI.js	1724667862222	1724667862281	OK	 
REQUEST		utag.js	1724667862090	1724667862285	OK	 
REQUEST		KIC_130-4946-00092-140_sw?policy=product-xsmall	1724667862234	1724667862312	OK	 
REQUEST		KIC_122-4178-00431-138_model1?policy=product-medium	1724667862179	1724667862318	OK	 
REQUEST		react.production.min.js	1724667862245	1724667862339	OK	 
REQUEST		at.js	1724667862232	1724667862388	OK	 
REQUEST		KIC_130-4946-00092-120_sw?policy=product-xsmall	1724667862313	1724667862398	OK	 
REQUEST		KIC_131-3165-2552-280_sw?policy=product-xsmall	1724667862318	1724667862412	OK	 
REQUEST		react-dom.production.min.js	1724667862279	1724667862433	OK	 
REQUEST		productV3.css	1724667862088	1724667862447	OK	 
REQUEST		prk2pgw.css	1724667862184	1724667862459	OK	 
REQUEST		KIC_122-4343-00436-206_model1?policy=product-medium	1724667862196	1724667862472	OK	 
REQUEST		catalogV3.css	1724667862124	1724667862493	OK	 
REQUEST		KIC_122-4453-00444-326_model1?policy=product-medium	1724667862204	1724667862511	OK	 
REQUEST		category.js	1724667862449	1724667862560	OK	 
REQUEST		KIC_122-4252-00437-226_model1?policy=product-medium	1724667862229	1724667862567	OK	 
REQUEST		catalogV2.js	1724667862434	1724667862568	OK	 
REQUEST		KIC_131-4189-00204-281_sw?policy=product-xsmall	1724667862473	1724667862582	OK	 
REQUEST		KIC_131-4240-00223-285_model1?policy=product-medium	1724667862413	1724667862589	OK	 
REQUEST		productV2.js	1724667862494	1724667862612	OK	 
REQUEST		KIC_131-4159-00183-280_sw?policy=product-xsmall	1724667862511	1724667862626	OK	 
REQUEST		global.js	1724667862340	1724667862636	OK	 
REQUEST		aa.umd.js	1724667862561	1724667862641	OK	 
REQUEST		kustomer.min.js	1724667862569	1724667862645	OK	 
REQUEST		KIC_131-4190-00229-975_sw?policy=product-xsmall	1724667862567	1724667862649	OK	 
REQUEST		globalV2.js	1724667862388	1724667862651	OK	 
REQUEST		KIC_131-4191-00175-278_sw?policy=product-xsmall	1724667862583	1724667862663	OK	 
REQUEST		KIC_131-3163-2558-977_sw?policy=product-xsmall	1724667862399	1724667862670	OK	 
REQUEST		KIC_130-4105-00082-480_model1?policy=product-medium	1724667862230	1724667862741	OK	 
REQUEST		p.css?s=1&k=prk2pgw&ht=tk&f=7860.7862&a=141395014&app=typekit&e=css	1724667862461	1724667862769	OK	 
REQUEST		KIC_131-4990-00260-420_prod1?policy=product-medium	1724667862589	1724667862792	OK	 
REQUEST		KIC_116-4926-00055-200_prod1?policy=product-medium	1724667862627	1724667862823	OK	 
REQUEST		ConstantsJSBase?storeId=11203&catalogId=10901&langId=-1	1724667862282	1724667862843	OK	 
REQUEST		KIC_118-4977-00133-900_sw?policy=product-xsmall	1724667862793	1724667862896	OK	 
REQUEST		customer.js	1724667862613	1724667862924	OK	 
REQUEST		KIC_118-4938-00131-200_sw?policy=product-xsmall	1724667862823	1724667862936	OK	 
REQUEST		KIC_116-4926-00055-200_sw?policy=product-xsmall	1724667862649	1724667862949	OK	 
REQUEST		checkoutMFE.js	1724667862637	1724667862959	OK	 
REQUEST		KIC_116-4925-00054-900_sw?policy=product-xsmall	1724667862664	1724667862960	OK	 
REQUEST		KIC_118-4977-00133-900_prod1?policy=product-medium	1724667862741	1724667862963	OK	 
REQUEST		KIC_116-4927-00056-108_sw?policy=product-xsmall	1724667862671	1724667862964	OK	 
REQUEST		KIC_118-4937-00130-300_sw?policy=product-xsmall	1724667862897	1724667862966	OK	 
REQUEST		catalog.js	1724667862642	1724667862980	OK	 
REQUEST		KIC_118-4936-00129-301_sw?policy=product-xsmall	1724667862936	1724667862981	OK	 
REQUEST		KIC_116-4924-00053-901_sw?policy=product-xsmall	1724667862960	1724667862992	OK	 
REQUEST		KIC_116-4921-00050-200_sw?policy=product-xsmall	1724667862963	1724667862993	OK	 
REQUEST		KIC_116-4920-00049-300_sw?policy=product-xsmall	1724667862966	1724667862993	OK	 
REQUEST		KIC_116-4922-00051-108_prod1?policy=product-medium	1724667862949	1724667863073	OK	 
REQUEST		KIC_116-4925-00054-900_prod1?policy=product-medium	1724667862981	1724667863082	OK	 
REQUEST		KIC_116-4921-00050-200_prod1?policy=product-medium	1724667862992	1724667863094	OK	 
REQUEST		KIC_116-4923-00052-900_sw?policy=product-xsmall	1724667862964	1724667863197	OK	 
USER	Abercrombie Website User Journey	END	1724667864203
