RUN	com.gatling.check.DemoFeederTwo	demofeedertwo	1724668240597	rtyun	3.6.1
USER	Abercrombie Website User Journey	START	1724668242490
REQUEST		Goto Home Page	1724668242530	1724668243757	OK	 
USER	Abercrombie Website User Journey	START	1724668245481
REQUEST		Goto PLP Page	1724668244872	1724668246574	OK	 
REQUEST		Goto PDP Page	1724668245483	1724668246719	OK	 
REQUEST		Goto Cart	1724668247614	1724668248178	OK	 
REQUEST		Goto Checkout	1724668247733	1724668248407	OK	 
USER	Abercrombie Website User Journey	START	1724668248481
REQUEST		Goto Home Page	1724668248483	1724668249233	OK	 
REQUEST		Goto PDP Page	1724668249417	1724668250227	OK	 
REQUEST		Goto PLP Page	1724668249188	1724668250251	OK	 
REQUEST		Goto Cart	1724668250237	1724668250742	OK	 
USER	Abercrombie Website User Journey	START	1724668251482
REQUEST		Goto Home Page	1724668251254	1724668251808	OK	 
REQUEST		Goto Checkout	1724668251231	1724668251945	OK	 
REQUEST		Goto PDP Page	1724668251750	1724668252282	OK	 
REQUEST		Goto PLP Page	1724668251483	1724668252797	OK	 
USER	Abercrombie Website User Journey	END	1724668252814
REQUEST		Goto Cart	1724668252953	1724668253569	OK	 
REQUEST		Goto Home Page	1724668253814	1724668254428	OK	 
USER	Abercrombie Website User Journey	START	1724668254482
REQUEST		Goto Checkout	1724668253285	1724668254507	OK	 
USER	Abercrombie Website User Journey	END	1724668254575
REQUEST		Goto PLP Page	1724668254483	1724668255389	OK	 
REQUEST		Goto PDP Page	1724668255431	1724668255960	OK	 
REQUEST		Goto Cart	1724668255517	1724668256139	OK	 
USER	Abercrombie Website User Journey	END	1724668257146
USER	Abercrombie Website User Journey	START	1724668257482
REQUEST		Goto Home Page	1724668256964	1724668257657	OK	 
REQUEST		Goto Checkout	1724668256392	1724668257840	OK	 
REQUEST		Goto PLP Page	1724668257483	1724668258816	OK	 
REQUEST		Goto PDP Page	1724668258659	1724668259288	OK	 
REQUEST		Goto Cart	1724668258848	1724668259549	OK	 
USER	Abercrombie Website User Journey	END	1724668260289
REQUEST		Goto Checkout	1724668259834	1724668260432	OK	 
USER	Abercrombie Website User Journey	START	1724668260482
REQUEST		Goto Home Page	1724668260483	1724668261064	OK	 
REQUEST		Goto PLP Page	1724668260557	1724668261503	OK	 
REQUEST		Goto PDP Page	1724668261444	1724668262236	OK	 
REQUEST		Goto Cart	1724668262067	1724668262678	OK	 
REQUEST		Goto Checkout	1724668262518	1724668263179	OK	 
USER	Abercrombie Website User Journey	START	1724668263481
REQUEST		Goto Home Page	1724668263244	1724668263839	OK	 
USER	Abercrombie Website User Journey	END	1724668264187
REQUEST		Goto PDP Page	1724668263685	1724668264229	OK	 
REQUEST		Goto PLP Page	1724668263482	1724668264528	OK	 
REQUEST		Goto Cart	1724668264842	1724668265335	OK	 
REQUEST		Goto Checkout	1724668265237	1724668265848	OK	 
REQUEST		Goto Home Page	1724668265540	1724668266156	OK	 
USER	Abercrombie Website User Journey	END	1724668266340
USER	Abercrombie Website User Journey	START	1724668266481
REQUEST		Goto PDP Page	1724668266855	1724668267466	OK	 
REQUEST		Goto PLP Page	1724668266482	1724668267795	OK	 
REQUEST		Goto Cart	1724668267159	1724668267893	OK	 
USER	Abercrombie Website User Journey	END	1724668268468
REQUEST		Goto Home Page	1724668268902	1724668269473	OK	 
USER	Abercrombie Website User Journey	START	1724668269481
REQUEST		Goto Checkout	1724668268798	1724668269952	OK	 
REQUEST		Goto PLP Page	1724668269482	1724668270928	OK	 
REQUEST		Goto PDP Page	1724668270476	1724668271191	OK	 
REQUEST		Goto Cart	1724668270959	1724668271621	OK	 
USER	Abercrombie Website User Journey	END	1724668272193
REQUEST		Goto Checkout	1724668271931	1724668272460	OK	 
REQUEST		Goto Home Page	1724668272625	1724668273131	OK	 
REQUEST		Goto PLP Page	1724668273467	1724668274519	OK	 
REQUEST		Goto PDP Page	1724668274134	1724668274662	OK	 
USER	Abercrombie Website User Journey	END	1724668275668
REQUEST		Goto Cart	1724668275522	1724668276268	OK	 
REQUEST		Goto Checkout	1724668277273	1724668278292	OK	 
USER	Abercrombie Website User Journey	END	1724668279299
