RUN	com.gatling.check.FeederDemo	feederdemo	1724746930930	test run	3.6.1
USER	Abercrombie Website	START	1724746933652
REQUEST		Goto Home Page	1724746934723	1724746936702	OK	 
USER	Abercrombie Website	START	1724746939627
REQUEST		Goto PLP Page	1724746937971	1724746939828	OK	 
REQUEST		Goto Cart	1724746940920	1724746941442	OK	 
USER	Abercrombie Website	END	1724746941480
REQUEST		Goto PDP Page	1724746940630	1724746941818	OK	 
REQUEST		Goto Checkout	1724746942850	1724746944327	OK	 
USER	Abercrombie Website	START	1724746945626
REQUEST		Goto Home Page	1724746945353	1724746946122	OK	 
USER	Abercrombie Website	END	1724746946126
REQUEST		Goto PLP Page	1724746946631	1724746948024	OK	 
REQUEST		Goto PDP Page	1724746949032	1724746949832	OK	 
REQUEST		Goto Cart	1724746950858	1724746951441	OK	 
USER	Abercrombie Website	END	1724746951449
USER	Abercrombie Website	START	1724746951627
REQUEST		Goto Checkout	1724746952630	1724746953466	OK	 
REQUEST		Goto Home Page	1724746954487	1724746955013	OK	 
USER	Abercrombie Website	START	1724746957627
REQUEST		Goto PLP Page	1724746956017	1724746957645	OK	 
USER	Abercrombie Website	END	1724746957682
REQUEST		Goto PDP Page	1724746958632	1724746959274	OK	 
REQUEST		Goto Cart	1724746960290	1724746961144	OK	 
REQUEST		Goto Checkout	1724746962159	1724746962786	OK	 
USER	Abercrombie Website	END	1724746962803
USER	Abercrombie Website	START	1724746963627
REQUEST		Goto Home Page	1724746964630	1724746965136	OK	 
REQUEST		Goto PLP Page	1724746966139	1724746967543	OK	 
REQUEST		Goto PDP Page	1724746968566	1724746969114	OK	 
USER	Abercrombie Website	END	1724746969116
USER	Abercrombie Website	START	1724746969626
REQUEST		Goto Cart	1724746970628	1724746971237	OK	 
REQUEST		Goto Checkout	1724746972251	1724746972903	OK	 
REQUEST		Goto Home Page	1724746973922	1724746974548	OK	 
USER	Abercrombie Website	END	1724746974550
USER	Abercrombie Website	START	1724746975627
REQUEST		Goto PLP Page	1724746976630	1724746978171	OK	 
REQUEST		Goto PDP Page	1724746979210	1724746979963	OK	 
REQUEST		Goto Cart	1724746980977	1724746981485	OK	 
USER	Abercrombie Website	END	1724746981497
USER	Abercrombie Website	START	1724746981627
REQUEST		Goto Checkout	1724746982629	1724746983336	OK	 
REQUEST		Goto Home Page	1724746984355	1724746984971	OK	 
REQUEST		Goto PLP Page	1724746985974	1724746986840	OK	 
USER	Abercrombie Website	END	1724746986883
USER	Abercrombie Website	START	1724746987627
REQUEST		Goto PDP Page	1724746988631	1724746989206	OK	 
REQUEST		Goto Cart	1724746990223	1724746991188	OK	 
REQUEST		Goto Checkout	1724746992203	1724746992947	OK	 
USER	Abercrombie Website	END	1724746992963
