RUN	com.gatling.check.FeederDemo	feederdemo	1724668385291	tetrun	3.6.1
USER	Abercrombie Website	START	1724668387076
REQUEST		Goto Home Page	1724668388103	1724668389245	OK	 
REQUEST		Goto PLP Page	1724668390356	1724668392268	OK	 
REQUEST		Goto PDP Page	1724668393304	1724668393902	OK	 
USER	Abercrombie Website	END	1724668393916
USER	Abercrombie Website	START	1724668399067
REQUEST		Goto Cart	1724668400070	1724668400614	OK	 
REQUEST		Goto Checkout	1724668401622	1724668402335	OK	 
REQUEST		Goto Home Page	1724668403344	1724668403890	OK	 
USER	Abercrombie Website	END	1724668403892
USER	Abercrombie Website	START	1724668411068
REQUEST		Goto PLP Page	1724668412070	1724668413958	OK	 
REQUEST		Goto PDP Page	1724668414978	1724668415658	OK	 
REQUEST		Goto Cart	1724668416669	1724668417271	OK	 
USER	Abercrombie Website	END	1724668417276
USER	Abercrombie Website	START	1724668423068
REQUEST		Goto Checkout	1724668424070	1724668424802	OK	 
REQUEST		Goto Home Page	1724668425812	1724668426411	OK	 
REQUEST		Goto PLP Page	1724668427414	1724668428548	OK	 
USER	Abercrombie Website	END	1724668428566
USER	Abercrombie Website	START	1724668435067
REQUEST		Goto PDP Page	1724668436071	1724668436943	OK	 
REQUEST		Goto Cart	1724668437947	1724668438390	OK	 
REQUEST		Goto Checkout	1724668439397	1724668440911	OK	 
USER	Abercrombie Website	END	1724668440916
