RUN	com.gatling.check.FeederDemo	feederdemo	1724669043485	testrun	3.6.1
USER	Abercrombie Website	START	1724669045255
USER	Abercrombie Website	START	1724669046246
USER	Abercrombie Website	START	1724669047246
REQUEST		Goto Home Page	1724669046281	1724669047564	OK	 
USER	Abercrombie Website	START	1724669048244
REQUEST		Goto PDP Page	1724669048249	1724669049109	OK	 
REQUEST		Goto Cart	1724669048677	1724669049189	OK	 
USER	Abercrombie Website	START	1724669049244
REQUEST		Goto PLP Page	1724669047248	1724669049893	OK	 
REQUEST		Goto Checkout	1724669049245	1724669050050	OK	 
REQUEST		Goto Home Page	1724669050140	1724669050775	OK	 
REQUEST		Goto PDP Page	1724669050248	1724669050923	OK	 
USER	Abercrombie Website	START	1724669051243
REQUEST		Goto Cart	1724669050915	1724669051458	OK	 
REQUEST		Goto Checkout	1724669051059	1724669051881	OK	 
REQUEST		Goto PLP Page	1724669050200	1724669052001	OK	 
USER	Abercrombie Website	END	1724669052021
USER	Abercrombie Website	START	1724669052244
REQUEST		Goto Home Page	1724669051778	1724669052303	OK	 
USER	Abercrombie Website	END	1724669052304
REQUEST		Goto Cart	1724669052467	1724669053232	OK	 
REQUEST		Goto PDP Page	1724669052245	1724669053232	OK	 
USER	Abercrombie Website	END	1724669053237
USER	Abercrombie Website	START	1724669053243
REQUEST		Goto Checkout	1724669052890	1724669053745	OK	 
REQUEST		Goto PLP Page	1724669051932	1724669053747	OK	 
USER	Abercrombie Website	END	1724669053753
REQUEST		Goto Home Page	1724669053246	1724669053860	OK	 
USER	Abercrombie Website	START	1724669054244
REQUEST		Goto PDP Page	1724669054246	1724669054910	OK	 
REQUEST		Goto PLP Page	1724669054235	1724669055193	OK	 
USER	Abercrombie Website	START	1724669055243
REQUEST		Goto Cart	1724669054750	1724669055283	OK	 
USER	Abercrombie Website	END	1724669055287
REQUEST		Goto Checkout	1724669054863	1724669055471	OK	 
REQUEST		Goto Home Page	1724669055246	1724669055819	OK	 
REQUEST		Goto PDP Page	1724669056196	1724669056799	OK	 
USER	Abercrombie Website	END	1724669056800
REQUEST		Goto Cart	1724669056245	1724669057138	OK	 
REQUEST		Goto Checkout	1724669056477	1724669057186	OK	 
USER	Abercrombie Website	END	1724669057191
USER	Abercrombie Website	START	1724669057244
REQUEST		Goto Home Page	1724669056821	1724669057515	OK	 
REQUEST		Goto PLP Page	1724669055914	1724669057540	OK	 
USER	Abercrombie Website	START	1724669058244
REQUEST		Goto Cart	1724669058517	1724669059061	OK	 
USER	Abercrombie Website	END	1724669059065
USER	Abercrombie Website	START	1724669059243
REQUEST		Goto Checkout	1724669058543	1724669059344	OK	 
USER	Abercrombie Website	END	1724669059352
REQUEST		Goto PDP Page	1724669058248	1724669060157	OK	 
REQUEST		Goto Home Page	1724669059245	1724669060160	OK	 
USER	Abercrombie Website	START	1724669060243
REQUEST		Goto PLP Page	1724669058146	1724669060584	OK	 
USER	Abercrombie Website	START	1724669061243
REQUEST		Goto PDP Page	1724669061164	1724669061615	OK	 
REQUEST		Goto Cart	1724669061164	1724669061784	OK	 
REQUEST		Goto PLP Page	1724669060245	1724669061984	OK	 
REQUEST		Goto Home Page	1724669061599	1724669062085	OK	 
USER	Abercrombie Website	END	1724669062086
REQUEST		Goto Checkout	1724669061245	1724669062855	OK	 
USER	Abercrombie Website	START	1724669063244
REQUEST		Goto Cart	1724669062790	1724669063438	OK	 
USER	Abercrombie Website	END	1724669063442
REQUEST		Goto PDP Page	1724669062625	1724669063611	OK	 
USER	Abercrombie Website	END	1724669063612
REQUEST		Goto PLP Page	1724669062246	1724669063867	OK	 
USER	Abercrombie Website	START	1724669064243
REQUEST		Goto Checkout	1724669062986	1724669064296	OK	 
REQUEST		Goto Home Page	1724669063863	1724669064481	OK	 
USER	Abercrombie Website	START	1724669065243
REQUEST		Goto PLP Page	1724669064246	1724669065257	OK	 
REQUEST		Goto Cart	1724669065244	1724669065738	OK	 
REQUEST		Goto PDP Page	1724669064881	1724669065904	OK	 
REQUEST		Goto Home Page	1724669065484	1724669066112	OK	 
USER	Abercrombie Website	END	1724669066113
REQUEST		Goto Checkout	1724669065304	1724669066136	OK	 
USER	Abercrombie Website	END	1724669066142
USER	Abercrombie Website	START	1724669066243
REQUEST		Goto PDP Page	1724669066260	1724669066788	OK	 
REQUEST		Goto Cart	1724669066744	1724669067202	OK	 
USER	Abercrombie Website	START	1724669067243
REQUEST		Goto Checkout	1724669066911	1724669067769	OK	 
REQUEST		Goto PLP Page	1724669066245	1724669067769	OK	 
USER	Abercrombie Website	END	1724669067775
REQUEST		Goto Home Page	1724669067245	1724669068109	OK	 
REQUEST		Goto PLP Page	1724669067790	1724669068694	OK	 
USER	Abercrombie Website	END	1724669068711
REQUEST		Goto PDP Page	1724669068209	1724669068823	OK	 
USER	Abercrombie Website	END	1724669068829
REQUEST		Goto Cart	1724669068245	1724669069006	OK	 
USER	Abercrombie Website	START	1724669069243
REQUEST		Goto Checkout	1724669068783	1724669069891	OK	 
REQUEST		Goto Home Page	1724669069111	1724669069924	OK	 
USER	Abercrombie Website	START	1724669070245
REQUEST		Goto PLP Page	1724669070012	1724669070943	OK	 
REQUEST		Goto PDP Page	1724669070245	1724669071005	OK	 
USER	Abercrombie Website	START	1724669071244
REQUEST		Goto Cart	1724669070898	1724669071602	OK	 
USER	Abercrombie Website	END	1724669071606
REQUEST		Goto Checkout	1724669070926	1724669071633	OK	 
USER	Abercrombie Website	END	1724669071639
REQUEST		Goto Home Page	1724669071247	1724669071852	OK	 
USER	Abercrombie Website	START	1724669072244
REQUEST		Goto PDP Page	1724669072012	1724669072818	OK	 
REQUEST		Goto PLP Page	1724669071945	1724669072904	OK	 
USER	Abercrombie Website	END	1724669072905
REQUEST		Goto Cart	1724669072246	1724669072990	OK	 
USER	Abercrombie Website	START	1724669073244
REQUEST		Goto Checkout	1724669072855	1724669073492	OK	 
REQUEST		Goto Home Page	1724669073246	1724669073724	OK	 
REQUEST		Goto PDP Page	1724669073996	1724669074628	OK	 
REQUEST		Goto Checkout	1724669074500	1724669075228	OK	 
USER	Abercrombie Website	END	1724669075234
USER	Abercrombie Website	START	1724669075243
REQUEST		Goto Home Page	1724669074726	1724669075361	OK	 
REQUEST		Goto Cart	1724669074246	1724669075362	OK	 
REQUEST		Goto PLP Page	1724669073821	1724669075515	OK	 
USER	Abercrombie Website	END	1724669075528
USER	Abercrombie Website	START	1724669076243
REQUEST		Goto Cart	1724669076363	1724669076894	OK	 
USER	Abercrombie Website	END	1724669076898
REQUEST		Goto PLP Page	1724669075635	1724669077204	OK	 
USER	Abercrombie Website	END	1724669077224
REQUEST		Goto PDP Page	1724669076245	1724669077235	OK	 
USER	Abercrombie Website	START	1724669077243
REQUEST		Goto Checkout	1724669076368	1724669077389	OK	 
REQUEST		Goto Home Page	1724669077246	1724669078042	OK	 
USER	Abercrombie Website	START	1724669078244
REQUEST		Goto PDP Page	1724669078244	1724669078831	OK	 
REQUEST		Goto Cart	1724669078398	1724669079013	OK	 
USER	Abercrombie Website	END	1724669079016
USER	Abercrombie Website	START	1724669079243
REQUEST		Goto PLP Page	1724669078239	1724669079332	OK	 
REQUEST		Goto Checkout	1724669079045	1724669079664	OK	 
REQUEST		Goto Home Page	1724669079246	1724669079840	OK	 
REQUEST		Goto PLP Page	1724669079833	1724669080753	OK	 
REQUEST		Goto Cart	1724669080344	1724669080896	OK	 
USER	Abercrombie Website	END	1724669080899
REQUEST		Goto PDP Page	1724669080244	1724669080979	OK	 
USER	Abercrombie Website	START	1724669081243
REQUEST		Goto Checkout	1724669080670	1724669081404	OK	 
USER	Abercrombie Website	END	1724669081411
REQUEST		Goto Home Page	1724669080843	1724669081452	OK	 
USER	Abercrombie Website	START	1724669082243
REQUEST		Goto PLP Page	1724669081765	1724669082776	OK	 
USER	Abercrombie Website	END	1724669082777
REQUEST		Goto PDP Page	1724669081985	1724669082803	OK	 
USER	Abercrombie Website	START	1724669083244
REQUEST		Goto Checkout	1724669082454	1724669083408	OK	 
USER	Abercrombie Website	END	1724669083414
REQUEST		Goto Home Page	1724669083244	1724669083777	OK	 
REQUEST		Goto Cart	1724669082245	1724669083816	OK	 
USER	Abercrombie Website	START	1724669084243
REQUEST		Goto PLP Page	1724669083805	1724669084666	OK	 
USER	Abercrombie Website	END	1724669084667
REQUEST		Goto PDP Page	1724669084246	1724669084854	OK	 
REQUEST		Goto Cart	1724669084779	1724669085199	OK	 
USER	Abercrombie Website	START	1724669085243
REQUEST		Goto Checkout	1724669084821	1724669085439	OK	 
REQUEST		Goto Home Page	1724669085245	1724669085824	OK	 
REQUEST		Goto PLP Page	1724669085855	1724669086795	OK	 
REQUEST		Goto PDP Page	1724669086204	1724669086899	OK	 
USER	Abercrombie Website	END	1724669086900
REQUEST		Goto Cart	1724669086245	1724669086910	OK	 
USER	Abercrombie Website	START	1724669087244
REQUEST		Goto Home Page	1724669086827	1724669087341	OK	 
REQUEST		Goto Checkout	1724669086446	1724669087456	OK	 
USER	Abercrombie Website	END	1724669087461
USER	Abercrombie Website	START	1724669088242
REQUEST		Goto PDP Page	1724669087915	1724669088393	OK	 
REQUEST		Goto PLP Page	1724669087798	1724669088662	OK	 
USER	Abercrombie Website	END	1724669088663
REQUEST		Goto Cart	1724669088246	1724669088769	OK	 
REQUEST		Goto Checkout	1724669088343	1724669088974	OK	 
USER	Abercrombie Website	END	1724669088978
USER	Abercrombie Website	START	1724669089243
REQUEST		Goto Home Page	1724669089245	1724669089812	OK	 
REQUEST		Goto PDP Page	1724669089776	1724669090234	OK	 
USER	Abercrombie Website	START	1724669090243
REQUEST		Goto PLP Page	1724669089400	1724669090515	OK	 
USER	Abercrombie Website	END	1724669090516
REQUEST		Goto Cart	1724669090244	1724669090856	OK	 
USER	Abercrombie Website	START	1724669091243
REQUEST		Goto Checkout	1724669090813	1724669091410	OK	 
REQUEST		Goto Home Page	1724669091241	1724669092070	OK	 
USER	Abercrombie Website	END	1724669092071
REQUEST		Goto PDP Page	1724669091860	1724669092398	OK	 
REQUEST		Goto Cart	1724669092245	1724669092753	OK	 
REQUEST		Goto Checkout	1724669092416	1724669093107	OK	 
USER	Abercrombie Website	END	1724669093112
REQUEST		Goto PLP Page	1724669091245	1724669093179	OK	 
USER	Abercrombie Website	START	1724669093243
REQUEST		Goto Home Page	1724669093403	1724669094099	OK	 
USER	Abercrombie Website	END	1724669094100
USER	Abercrombie Website	START	1724669094244
REQUEST		Goto Cart	1724669094244	1724669094856	OK	 
REQUEST		Goto PDP Page	1724669094189	1724669094989	OK	 
USER	Abercrombie Website	START	1724669095243
REQUEST		Goto PLP Page	1724669093759	1724669095810	OK	 
REQUEST		Goto Checkout	1724669095245	1724669095977	OK	 
USER	Abercrombie Website	START	1724669096243
REQUEST		Goto Home Page	1724669095861	1724669096404	OK	 
REQUEST		Goto PDP Page	1724669096245	1724669096919	OK	 
REQUEST		Goto PLP Page	1724669095995	1724669097072	OK	 
USER	Abercrombie Website	END	1724669097083
USER	Abercrombie Website	START	1724669097243
REQUEST		Goto Cart	1724669096821	1724669097356	OK	 
USER	Abercrombie Website	END	1724669097360
REQUEST		Goto Checkout	1724669096984	1724669097649	OK	 
REQUEST		Goto Home Page	1724669097245	1724669097750	OK	 
REQUEST		Goto PLP Page	1724669097406	1724669098337	OK	 
USER	Abercrombie Website	END	1724669098338
REQUEST		Goto PDP Page	1724669097922	1724669098469	OK	 
REQUEST		Goto Cart	1724669098243	1724669098853	OK	 
USER	Abercrombie Website	START	1724669099243
REQUEST		Goto Home Page	1724669098753	1724669099314	OK	 
REQUEST		Goto Checkout	1724669098654	1724669099482	OK	 
USER	Abercrombie Website	END	1724669099488
USER	Abercrombie Website	START	1724669100243
REQUEST		Goto PLP Page	1724669099472	1724669100598	OK	 
USER	Abercrombie Website	END	1724669100599
REQUEST		Goto PDP Page	1724669099858	1724669100998	OK	 
REQUEST		Goto Cart	1724669100245	1724669101034	OK	 
USER	Abercrombie Website	START	1724669101244
REQUEST		Goto Checkout	1724669100315	1724669101478	OK	 
USER	Abercrombie Website	END	1724669101486
REQUEST		Goto Home Page	1724669101244	1724669101803	OK	 
USER	Abercrombie Website	START	1724669102243
REQUEST		Goto PDP Page	1724669102040	1724669102634	OK	 
REQUEST		Goto Cart	1724669102246	1724669102737	OK	 
REQUEST		Goto PLP Page	1724669102000	1724669102998	OK	 
USER	Abercrombie Website	END	1724669103009
USER	Abercrombie Website	START	1724669103243
REQUEST		Goto Checkout	1724669102806	1724669103444	OK	 
REQUEST		Goto Home Page	1724669103245	1724669103748	OK	 
REQUEST		Goto PDP Page	1724669103741	1724669104343	OK	 
REQUEST		Goto Cart	1724669104245	1724669104879	OK	 
REQUEST		Goto Checkout	1724669104451	1724669105194	OK	 
USER	Abercrombie Website	END	1724669105199
REQUEST		Goto Home Page	1724669104751	1724669105334	OK	 
REQUEST		Goto PLP Page	1724669103636	1724669105401	OK	 
USER	Abercrombie Website	END	1724669105402
REQUEST		Goto PLP Page	1724669105345	1724669106215	OK	 
USER	Abercrombie Website	END	1724669106228
REQUEST		Goto PDP Page	1724669105884	1724669106437	OK	 
REQUEST		Goto Cart	1724669106336	1724669107015	OK	 
USER	Abercrombie Website	END	1724669107020
REQUEST		Goto Checkout	1724669107445	1724669108066	OK	 
USER	Abercrombie Website	END	1724669108072
